{"/Users/leonlee/dev/lsylabs/clothesly/index.js": {"path":"/Users/leonlee/dev/lsylabs/clothesly/index.js","all":true,"statementMap":{"0":{"start":{"line":1,"column":0},"end":{"line":1,"column":45}},"2":{"start":{"line":3,"column":0},"end":{"line":3,"column":28}},"4":{"start":{"line":5,"column":0},"end":{"line":5,"column":27}}},"s":{"0":0,"2":0,"4":0},"branchMap":{"0":{"type":"branch","line":1,"loc":{"start":{"line":1,"column":0},"end":{"line":5,"column":-32}},"locations":[{"start":{"line":1,"column":0},"end":{"line":5,"column":-32}}]}},"b":{"0":[0]},"fnMap":{"0":{"name":"(empty-report)","decl":{"start":{"line":1,"column":0},"end":{"line":5,"column":-32}},"loc":{"start":{"line":1,"column":0},"end":{"line":5,"column":-32}},"line":1}},"f":{"0":0}}
,"/Users/leonlee/dev/lsylabs/clothesly/backend/src/auth.js": {"path":"/Users/leonlee/dev/lsylabs/clothesly/backend/src/auth.js","all":true,"statementMap":{"0":{"start":{"line":1,"column":0},"end":{"line":1,"column":53}},"2":{"start":{"line":3,"column":0},"end":{"line":3,"column":37}},"4":{"start":{"line":5,"column":0},"end":{"line":5,"column":47}},"5":{"start":{"line":6,"column":0},"end":{"line":6,"column":76}},"7":{"start":{"line":8,"column":0},"end":{"line":8,"column":46}},"8":{"start":{"line":9,"column":0},"end":{"line":9,"column":40}},"9":{"start":{"line":10,"column":0},"end":{"line":10,"column":57}},"10":{"start":{"line":11,"column":0},"end":{"line":11,"column":74}},"11":{"start":{"line":12,"column":0},"end":{"line":12,"column":15}},"12":{"start":{"line":13,"column":0},"end":{"line":13,"column":2}},"14":{"start":{"line":15,"column":0},"end":{"line":15,"column":54}},"15":{"start":{"line":16,"column":0},"end":{"line":16,"column":58}},"16":{"start":{"line":17,"column":0},"end":{"line":17,"column":11}},"17":{"start":{"line":18,"column":0},"end":{"line":18,"column":40}},"18":{"start":{"line":19,"column":0},"end":{"line":19,"column":5}},"20":{"start":{"line":21,"column":0},"end":{"line":21,"column":17}},"21":{"start":{"line":22,"column":0},"end":{"line":22,"column":1}},"23":{"start":{"line":24,"column":0},"end":{"line":24,"column":51}},"24":{"start":{"line":25,"column":0},"end":{"line":25,"column":7}},"25":{"start":{"line":26,"column":0},"end":{"line":26,"column":57}},"26":{"start":{"line":27,"column":0},"end":{"line":27,"column":17}},"27":{"start":{"line":28,"column":0},"end":{"line":28,"column":69}},"28":{"start":{"line":29,"column":0},"end":{"line":29,"column":5}},"30":{"start":{"line":31,"column":0},"end":{"line":31,"column":51}},"31":{"start":{"line":32,"column":0},"end":{"line":32,"column":16}},"32":{"start":{"line":33,"column":0},"end":{"line":33,"column":26}},"33":{"start":{"line":34,"column":0},"end":{"line":34,"column":70}},"34":{"start":{"line":35,"column":0},"end":{"line":35,"column":67}},"35":{"start":{"line":36,"column":0},"end":{"line":36,"column":25}},"36":{"start":{"line":37,"column":0},"end":{"line":37,"column":13}},"37":{"start":{"line":38,"column":0},"end":{"line":38,"column":6}},"39":{"start":{"line":40,"column":0},"end":{"line":40,"column":18}},"40":{"start":{"line":41,"column":0},"end":{"line":41,"column":19}},"41":{"start":{"line":42,"column":0},"end":{"line":42,"column":33}},"42":{"start":{"line":43,"column":0},"end":{"line":43,"column":36}},"43":{"start":{"line":44,"column":0},"end":{"line":44,"column":90}},"44":{"start":{"line":45,"column":0},"end":{"line":45,"column":7}},"45":{"start":{"line":46,"column":0},"end":{"line":46,"column":3}},"46":{"start":{"line":47,"column":0},"end":{"line":47,"column":1}}},"s":{"0":0,"2":0,"4":0,"5":0,"7":0,"8":0,"9":0,"10":0,"11":0,"12":0,"14":0,"15":0,"16":0,"17":0,"18":0,"20":0,"21":0,"23":0,"24":0,"25":0,"26":0,"27":0,"28":0,"30":0,"31":0,"32":0,"33":0,"34":0,"35":0,"36":0,"37":0,"39":0,"40":0,"41":0,"42":0,"43":0,"44":0,"45":0,"46":0},"branchMap":{"0":{"type":"branch","line":1,"loc":{"start":{"line":1,"column":1366},"end":{"line":47,"column":1}},"locations":[{"start":{"line":1,"column":1366},"end":{"line":47,"column":1}}]}},"b":{"0":[0]},"fnMap":{"0":{"name":"(empty-report)","decl":{"start":{"line":1,"column":1366},"end":{"line":47,"column":1}},"loc":{"start":{"line":1,"column":1366},"end":{"line":47,"column":1}},"line":1}},"f":{"0":0}}
,"/Users/leonlee/dev/lsylabs/clothesly/backend/src/config.js": {"path":"/Users/leonlee/dev/lsylabs/clothesly/backend/src/config.js","all":true,"statementMap":{"0":{"start":{"line":1,"column":0},"end":{"line":1,"column":28}},"1":{"start":{"line":2,"column":0},"end":{"line":2,"column":29}},"2":{"start":{"line":3,"column":0},"end":{"line":3,"column":41}},"4":{"start":{"line":5,"column":0},"end":{"line":5,"column":50}},"5":{"start":{"line":6,"column":0},"end":{"line":6,"column":43}},"7":{"start":{"line":8,"column":0},"end":{"line":8,"column":77}},"8":{"start":{"line":9,"column":0},"end":{"line":9,"column":60}},"9":{"start":{"line":10,"column":0},"end":{"line":10,"column":63}},"11":{"start":{"line":12,"column":0},"end":{"line":12,"column":85}},"12":{"start":{"line":13,"column":0},"end":{"line":13,"column":99}},"14":{"start":{"line":15,"column":0},"end":{"line":15,"column":18}},"15":{"start":{"line":16,"column":0},"end":{"line":16,"column":46}},"16":{"start":{"line":17,"column":0},"end":{"line":17,"column":54}},"17":{"start":{"line":18,"column":0},"end":{"line":18,"column":2}},"19":{"start":{"line":20,"column":0},"end":{"line":20,"column":37}},"20":{"start":{"line":21,"column":0},"end":{"line":21,"column":27}},"21":{"start":{"line":22,"column":0},"end":{"line":22,"column":81}},"22":{"start":{"line":23,"column":0},"end":{"line":23,"column":3}},"23":{"start":{"line":24,"column":0},"end":{"line":24,"column":1}},"25":{"start":{"line":26,"column":0},"end":{"line":26,"column":23}},"26":{"start":{"line":27,"column":0},"end":{"line":27,"column":41}},"27":{"start":{"line":28,"column":0},"end":{"line":28,"column":14}},"28":{"start":{"line":29,"column":0},"end":{"line":29,"column":18}},"29":{"start":{"line":30,"column":0},"end":{"line":30,"column":76}},"30":{"start":{"line":31,"column":0},"end":{"line":31,"column":52}},"31":{"start":{"line":32,"column":0},"end":{"line":32,"column":2}}},"s":{"0":0,"1":0,"2":0,"4":0,"5":0,"7":0,"8":0,"9":0,"11":0,"12":0,"14":0,"15":0,"16":0,"17":0,"19":0,"20":0,"21":0,"22":0,"23":0,"25":0,"26":0,"27":0,"28":0,"29":0,"30":0,"31":0},"branchMap":{"0":{"type":"branch","line":1,"loc":{"start":{"line":1,"column":1101},"end":{"line":32,"column":2}},"locations":[{"start":{"line":1,"column":1101},"end":{"line":32,"column":2}}]}},"b":{"0":[0]},"fnMap":{"0":{"name":"(empty-report)","decl":{"start":{"line":1,"column":1101},"end":{"line":32,"column":2}},"loc":{"start":{"line":1,"column":1101},"end":{"line":32,"column":2}},"line":1}},"f":{"0":0}}
,"/Users/leonlee/dev/lsylabs/clothesly/backend/src/server.js": {"path":"/Users/leonlee/dev/lsylabs/clothesly/backend/src/server.js","all":true,"statementMap":{"0":{"start":{"line":1,"column":0},"end":{"line":1,"column":24}},"1":{"start":{"line":2,"column":0},"end":{"line":2,"column":30}},"2":{"start":{"line":3,"column":0},"end":{"line":3,"column":28}},"3":{"start":{"line":4,"column":0},"end":{"line":4,"column":28}},"5":{"start":{"line":6,"column":0},"end":{"line":6,"column":37}},"6":{"start":{"line":7,"column":0},"end":{"line":7,"column":46}},"7":{"start":{"line":8,"column":0},"end":{"line":8,"column":50}},"8":{"start":{"line":9,"column":0},"end":{"line":9,"column":44}},"9":{"start":{"line":10,"column":0},"end":{"line":10,"column":48}},"11":{"start":{"line":12,"column":0},"end":{"line":12,"column":22}},"13":{"start":{"line":14,"column":0},"end":{"line":14,"column":28}},"14":{"start":{"line":15,"column":0},"end":{"line":15,"column":18}},"15":{"start":{"line":16,"column":0},"end":{"line":16,"column":8}},"16":{"start":{"line":17,"column":0},"end":{"line":17,"column":8}},"17":{"start":{"line":18,"column":0},"end":{"line":18,"column":114}},"18":{"start":{"line":19,"column":0},"end":{"line":19,"column":4}},"19":{"start":{"line":20,"column":0},"end":{"line":20,"column":2}},"20":{"start":{"line":21,"column":0},"end":{"line":21,"column":40}},"21":{"start":{"line":22,"column":0},"end":{"line":22,"column":23}},"23":{"start":{"line":24,"column":0},"end":{"line":24,"column":22}},"24":{"start":{"line":25,"column":0},"end":{"line":25,"column":23}},"25":{"start":{"line":26,"column":0},"end":{"line":26,"column":24}},"26":{"start":{"line":27,"column":0},"end":{"line":27,"column":21}},"28":{"start":{"line":29,"column":0},"end":{"line":29,"column":23}},"29":{"start":{"line":30,"column":0},"end":{"line":30,"column":63}},"30":{"start":{"line":31,"column":0},"end":{"line":31,"column":3}},"32":{"start":{"line":33,"column":0},"end":{"line":33,"column":38}},"33":{"start":{"line":34,"column":0},"end":{"line":34,"column":85}},"34":{"start":{"line":35,"column":0},"end":{"line":35,"column":68}},"35":{"start":{"line":36,"column":0},"end":{"line":36,"column":3}},"37":{"start":{"line":38,"column":0},"end":{"line":38,"column":31}},"38":{"start":{"line":39,"column":0},"end":{"line":39,"column":40}},"39":{"start":{"line":40,"column":0},"end":{"line":40,"column":76}},"40":{"start":{"line":41,"column":0},"end":{"line":41,"column":3}}},"s":{"0":0,"1":0,"2":0,"3":0,"5":0,"6":0,"7":0,"8":0,"9":0,"11":0,"13":0,"14":0,"15":0,"16":0,"17":0,"18":0,"19":0,"20":0,"21":0,"23":0,"24":0,"25":0,"26":0,"28":0,"29":0,"30":0,"32":0,"33":0,"34":0,"35":0,"37":0,"38":0,"39":0,"40":0},"branchMap":{"0":{"type":"branch","line":1,"loc":{"start":{"line":1,"column":0},"end":{"line":41,"column":-729}},"locations":[{"start":{"line":1,"column":0},"end":{"line":41,"column":-729}}]}},"b":{"0":[0]},"fnMap":{"0":{"name":"(empty-report)","decl":{"start":{"line":1,"column":0},"end":{"line":41,"column":-729}},"loc":{"start":{"line":1,"column":0},"end":{"line":41,"column":-729}},"line":1}},"f":{"0":0}}
,"/Users/leonlee/dev/lsylabs/clothesly/backend/src/routes/health.js": {"path":"/Users/leonlee/dev/lsylabs/clothesly/backend/src/routes/health.js","all":true,"statementMap":{"0":{"start":{"line":1,"column":0},"end":{"line":1,"column":33}},"2":{"start":{"line":3,"column":0},"end":{"line":3,"column":24}},"4":{"start":{"line":5,"column":0},"end":{"line":5,"column":38}},"5":{"start":{"line":6,"column":0},"end":{"line":6,"column":12}},"6":{"start":{"line":7,"column":0},"end":{"line":7,"column":17}},"7":{"start":{"line":8,"column":0},"end":{"line":8,"column":29}},"8":{"start":{"line":9,"column":0},"end":{"line":9,"column":39}},"9":{"start":{"line":10,"column":0},"end":{"line":10,"column":5}},"10":{"start":{"line":11,"column":0},"end":{"line":11,"column":3}},"12":{"start":{"line":13,"column":0},"end":{"line":13,"column":22}}},"s":{"0":0,"2":0,"4":0,"5":0,"6":0,"7":0,"8":0,"9":0,"10":0,"12":0},"branchMap":{"0":{"type":"branch","line":1,"loc":{"start":{"line":1,"column":234},"end":{"line":13,"column":22}},"locations":[{"start":{"line":1,"column":234},"end":{"line":13,"column":22}}]}},"b":{"0":[0]},"fnMap":{"0":{"name":"(empty-report)","decl":{"start":{"line":1,"column":234},"end":{"line":13,"column":22}},"loc":{"start":{"line":1,"column":234},"end":{"line":13,"column":22}},"line":1}},"f":{"0":0}}
,"/Users/leonlee/dev/lsylabs/clothesly/backend/src/routes/internal.js": {"path":"/Users/leonlee/dev/lsylabs/clothesly/backend/src/routes/internal.js","all":true,"statementMap":{"0":{"start":{"line":1,"column":0},"end":{"line":1,"column":33}},"2":{"start":{"line":3,"column":0},"end":{"line":3,"column":41}},"4":{"start":{"line":5,"column":0},"end":{"line":5,"column":24}},"6":{"start":{"line":7,"column":0},"end":{"line":7,"column":60}},"7":{"start":{"line":8,"column":0},"end":{"line":8,"column":12}},"8":{"start":{"line":9,"column":0},"end":{"line":9,"column":13}},"9":{"start":{"line":10,"column":0},"end":{"line":10,"column":28}},"10":{"start":{"line":11,"column":0},"end":{"line":11,"column":43}},"11":{"start":{"line":12,"column":0},"end":{"line":12,"column":39}},"12":{"start":{"line":13,"column":0},"end":{"line":13,"column":5}},"13":{"start":{"line":14,"column":0},"end":{"line":14,"column":3}},"15":{"start":{"line":16,"column":0},"end":{"line":16,"column":76}},"16":{"start":{"line":17,"column":0},"end":{"line":17,"column":24}},"17":{"start":{"line":18,"column":0},"end":{"line":18,"column":29}},"18":{"start":{"line":19,"column":0},"end":{"line":19,"column":84}},"19":{"start":{"line":20,"column":0},"end":{"line":20,"column":5}},"20":{"start":{"line":21,"column":0},"end":{"line":21,"column":3}},"22":{"start":{"line":23,"column":0},"end":{"line":23,"column":22}}},"s":{"0":0,"2":0,"4":0,"6":0,"7":0,"8":0,"9":0,"10":0,"11":0,"12":0,"13":0,"15":0,"16":0,"17":0,"18":0,"19":0,"20":0,"22":0},"branchMap":{"0":{"type":"branch","line":1,"loc":{"start":{"line":1,"column":566},"end":{"line":23,"column":22}},"locations":[{"start":{"line":1,"column":566},"end":{"line":23,"column":22}}]}},"b":{"0":[0]},"fnMap":{"0":{"name":"(empty-report)","decl":{"start":{"line":1,"column":566},"end":{"line":23,"column":22}},"loc":{"start":{"line":1,"column":566},"end":{"line":23,"column":22}},"line":1}},"f":{"0":0}}
,"/Users/leonlee/dev/lsylabs/clothesly/backend/src/routes/items.js": {"path":"/Users/leonlee/dev/lsylabs/clothesly/backend/src/routes/items.js","all":true,"statementMap":{"0":{"start":{"line":1,"column":0},"end":{"line":1,"column":33}},"2":{"start":{"line":3,"column":0},"end":{"line":3,"column":41}},"3":{"start":{"line":4,"column":0},"end":{"line":4,"column":38}},"5":{"start":{"line":6,"column":0},"end":{"line":6,"column":24}},"7":{"start":{"line":8,"column":0},"end":{"line":8,"column":96}},"8":{"start":{"line":9,"column":0},"end":{"line":9,"column":37}},"9":{"start":{"line":10,"column":0},"end":{"line":10,"column":27}},"10":{"start":{"line":11,"column":0},"end":{"line":11,"column":27}},"11":{"start":{"line":12,"column":0},"end":{"line":12,"column":30}},"12":{"start":{"line":13,"column":0},"end":{"line":13,"column":33}},"13":{"start":{"line":14,"column":0},"end":{"line":14,"column":23}},"14":{"start":{"line":15,"column":0},"end":{"line":15,"column":23}},"15":{"start":{"line":16,"column":0},"end":{"line":16,"column":19}},"16":{"start":{"line":17,"column":0},"end":{"line":17,"column":22}},"17":{"start":{"line":18,"column":0},"end":{"line":18,"column":3}},"19":{"start":{"line":20,"column":0},"end":{"line":20,"column":40}},"20":{"start":{"line":21,"column":0},"end":{"line":21,"column":33}},"21":{"start":{"line":22,"column":0},"end":{"line":22,"column":41}},"22":{"start":{"line":23,"column":0},"end":{"line":23,"column":36}},"23":{"start":{"line":24,"column":0},"end":{"line":24,"column":3}},"25":{"start":{"line":26,"column":0},"end":{"line":26,"column":37}},"26":{"start":{"line":27,"column":0},"end":{"line":27,"column":42}},"27":{"start":{"line":28,"column":0},"end":{"line":28,"column":37}},"28":{"start":{"line":29,"column":0},"end":{"line":29,"column":18}},"29":{"start":{"line":30,"column":0},"end":{"line":30,"column":13}},"30":{"start":{"line":31,"column":0},"end":{"line":31,"column":9}},"31":{"start":{"line":32,"column":0},"end":{"line":32,"column":30}},"32":{"start":{"line":33,"column":0},"end":{"line":33,"column":13}},"33":{"start":{"line":34,"column":0},"end":{"line":34,"column":18}},"34":{"start":{"line":35,"column":0},"end":{"line":35,"column":5}},"35":{"start":{"line":36,"column":0},"end":{"line":36,"column":3}},"36":{"start":{"line":37,"column":0},"end":{"line":37,"column":28}},"37":{"start":{"line":38,"column":0},"end":{"line":38,"column":1}},"39":{"start":{"line":40,"column":0},"end":{"line":40,"column":42}},"40":{"start":{"line":41,"column":0},"end":{"line":41,"column":63}},"41":{"start":{"line":42,"column":0},"end":{"line":42,"column":1}},"43":{"start":{"line":44,"column":0},"end":{"line":44,"column":35}},"44":{"start":{"line":45,"column":0},"end":{"line":45,"column":34}},"45":{"start":{"line":46,"column":0},"end":{"line":46,"column":47}},"46":{"start":{"line":47,"column":0},"end":{"line":47,"column":3}},"47":{"start":{"line":48,"column":0},"end":{"line":48,"column":31}},"48":{"start":{"line":49,"column":0},"end":{"line":49,"column":63}},"49":{"start":{"line":50,"column":0},"end":{"line":50,"column":80}},"50":{"start":{"line":51,"column":0},"end":{"line":51,"column":3}},"51":{"start":{"line":52,"column":0},"end":{"line":52,"column":17}},"52":{"start":{"line":53,"column":0},"end":{"line":53,"column":1}},"54":{"start":{"line":55,"column":0},"end":{"line":55,"column":46}},"55":{"start":{"line":56,"column":0},"end":{"line":56,"column":44}},"56":{"start":{"line":57,"column":0},"end":{"line":57,"column":34}},"57":{"start":{"line":58,"column":0},"end":{"line":58,"column":34}},"58":{"start":{"line":59,"column":0},"end":{"line":59,"column":44}},"59":{"start":{"line":60,"column":0},"end":{"line":60,"column":3}},"60":{"start":{"line":61,"column":0},"end":{"line":61,"column":31}},"61":{"start":{"line":62,"column":0},"end":{"line":62,"column":28}},"62":{"start":{"line":63,"column":0},"end":{"line":63,"column":17}},"63":{"start":{"line":64,"column":0},"end":{"line":64,"column":1}},"65":{"start":{"line":66,"column":0},"end":{"line":66,"column":42}},"66":{"start":{"line":67,"column":0},"end":{"line":67,"column":44}},"67":{"start":{"line":68,"column":0},"end":{"line":68,"column":34}},"68":{"start":{"line":69,"column":0},"end":{"line":69,"column":63}},"69":{"start":{"line":70,"column":0},"end":{"line":70,"column":43}},"70":{"start":{"line":71,"column":0},"end":{"line":71,"column":3}},"71":{"start":{"line":72,"column":0},"end":{"line":72,"column":39}},"72":{"start":{"line":73,"column":0},"end":{"line":73,"column":28}},"73":{"start":{"line":74,"column":0},"end":{"line":74,"column":33}},"74":{"start":{"line":75,"column":0},"end":{"line":75,"column":47}},"75":{"start":{"line":76,"column":0},"end":{"line":76,"column":71}},"76":{"start":{"line":77,"column":0},"end":{"line":77,"column":3}},"77":{"start":{"line":78,"column":0},"end":{"line":78,"column":17}},"78":{"start":{"line":79,"column":0},"end":{"line":79,"column":1}},"80":{"start":{"line":81,"column":0},"end":{"line":81,"column":39}},"81":{"start":{"line":82,"column":0},"end":{"line":82,"column":44}},"82":{"start":{"line":83,"column":0},"end":{"line":83,"column":34}},"83":{"start":{"line":84,"column":0},"end":{"line":84,"column":34}},"84":{"start":{"line":85,"column":0},"end":{"line":85,"column":45}},"85":{"start":{"line":86,"column":0},"end":{"line":86,"column":3}},"86":{"start":{"line":87,"column":0},"end":{"line":87,"column":31}},"87":{"start":{"line":88,"column":0},"end":{"line":88,"column":28}},"88":{"start":{"line":89,"column":0},"end":{"line":89,"column":36}},"89":{"start":{"line":90,"column":0},"end":{"line":90,"column":61}},"90":{"start":{"line":91,"column":0},"end":{"line":91,"column":3}},"91":{"start":{"line":92,"column":0},"end":{"line":92,"column":31}},"92":{"start":{"line":93,"column":0},"end":{"line":93,"column":1}},"94":{"start":{"line":95,"column":0},"end":{"line":95,"column":53}},"95":{"start":{"line":96,"column":0},"end":{"line":96,"column":44}},"96":{"start":{"line":97,"column":0},"end":{"line":97,"column":32}},"97":{"start":{"line":98,"column":0},"end":{"line":98,"column":30}},"98":{"start":{"line":99,"column":0},"end":{"line":99,"column":64}},"99":{"start":{"line":100,"column":0},"end":{"line":100,"column":3}},"101":{"start":{"line":102,"column":0},"end":{"line":102,"column":21}},"102":{"start":{"line":103,"column":0},"end":{"line":103,"column":25}},"103":{"start":{"line":104,"column":0},"end":{"line":104,"column":30}},"104":{"start":{"line":105,"column":0},"end":{"line":105,"column":36}},"105":{"start":{"line":106,"column":0},"end":{"line":106,"column":64}},"106":{"start":{"line":107,"column":0},"end":{"line":107,"column":5}},"107":{"start":{"line":108,"column":0},"end":{"line":108,"column":33}},"108":{"start":{"line":109,"column":0},"end":{"line":109,"column":27}},"109":{"start":{"line":110,"column":0},"end":{"line":110,"column":48}},"110":{"start":{"line":111,"column":0},"end":{"line":111,"column":42}},"111":{"start":{"line":112,"column":0},"end":{"line":112,"column":28}},"112":{"start":{"line":113,"column":0},"end":{"line":113,"column":26}},"113":{"start":{"line":114,"column":0},"end":{"line":114,"column":3}},"115":{"start":{"line":116,"column":0},"end":{"line":116,"column":41}},"116":{"start":{"line":117,"column":0},"end":{"line":117,"column":85}},"117":{"start":{"line":118,"column":0},"end":{"line":118,"column":3}},"119":{"start":{"line":120,"column":0},"end":{"line":120,"column":17}},"120":{"start":{"line":121,"column":0},"end":{"line":121,"column":1}},"122":{"start":{"line":123,"column":0},"end":{"line":123,"column":42}},"123":{"start":{"line":124,"column":0},"end":{"line":124,"column":60}},"124":{"start":{"line":125,"column":0},"end":{"line":125,"column":46}},"126":{"start":{"line":127,"column":0},"end":{"line":127,"column":33}},"127":{"start":{"line":128,"column":0},"end":{"line":128,"column":63}},"128":{"start":{"line":129,"column":0},"end":{"line":129,"column":21}},"129":{"start":{"line":130,"column":0},"end":{"line":130,"column":82}},"130":{"start":{"line":131,"column":0},"end":{"line":131,"column":5}},"131":{"start":{"line":132,"column":0},"end":{"line":132,"column":21}},"132":{"start":{"line":133,"column":0},"end":{"line":133,"column":5}},"133":{"start":{"line":134,"column":0},"end":{"line":134,"column":1}},"135":{"start":{"line":136,"column":0},"end":{"line":136,"column":36}},"136":{"start":{"line":137,"column":0},"end":{"line":137,"column":44}},"137":{"start":{"line":138,"column":0},"end":{"line":138,"column":32}},"138":{"start":{"line":139,"column":0},"end":{"line":139,"column":34}},"139":{"start":{"line":140,"column":0},"end":{"line":140,"column":37}},"140":{"start":{"line":141,"column":0},"end":{"line":141,"column":3}},"141":{"start":{"line":142,"column":0},"end":{"line":142,"column":31}},"142":{"start":{"line":143,"column":0},"end":{"line":143,"column":42}},"143":{"start":{"line":144,"column":0},"end":{"line":144,"column":76}},"144":{"start":{"line":145,"column":0},"end":{"line":145,"column":3}},"145":{"start":{"line":146,"column":0},"end":{"line":146,"column":17}},"146":{"start":{"line":147,"column":0},"end":{"line":147,"column":1}},"148":{"start":{"line":149,"column":0},"end":{"line":149,"column":32}},"149":{"start":{"line":150,"column":0},"end":{"line":150,"column":30}},"150":{"start":{"line":151,"column":0},"end":{"line":151,"column":59}},"151":{"start":{"line":152,"column":0},"end":{"line":152,"column":3}},"153":{"start":{"line":154,"column":0},"end":{"line":154,"column":21}},"154":{"start":{"line":155,"column":0},"end":{"line":155,"column":25}},"155":{"start":{"line":156,"column":0},"end":{"line":156,"column":30}},"156":{"start":{"line":157,"column":0},"end":{"line":157,"column":63}},"157":{"start":{"line":158,"column":0},"end":{"line":158,"column":60}},"158":{"start":{"line":159,"column":0},"end":{"line":159,"column":5}},"159":{"start":{"line":160,"column":0},"end":{"line":160,"column":34}},"160":{"start":{"line":161,"column":0},"end":{"line":161,"column":20}},"161":{"start":{"line":162,"column":0},"end":{"line":162,"column":24}},"162":{"start":{"line":163,"column":0},"end":{"line":163,"column":3}},"163":{"start":{"line":164,"column":0},"end":{"line":164,"column":17}},"164":{"start":{"line":165,"column":0},"end":{"line":165,"column":1}},"166":{"start":{"line":167,"column":0},"end":{"line":167,"column":66}},"167":{"start":{"line":168,"column":0},"end":{"line":168,"column":14}},"168":{"start":{"line":169,"column":0},"end":{"line":169,"column":108}},"169":{"start":{"line":170,"column":0},"end":{"line":170,"column":35}},"170":{"start":{"line":171,"column":0},"end":{"line":171,"column":11}},"172":{"start":{"line":173,"column":0},"end":{"line":173,"column":30}},"173":{"start":{"line":174,"column":0},"end":{"line":174,"column":23}},"174":{"start":{"line":175,"column":0},"end":{"line":175,"column":10}},"175":{"start":{"line":176,"column":0},"end":{"line":176,"column":22}},"176":{"start":{"line":177,"column":0},"end":{"line":177,"column":3}},"178":{"start":{"line":179,"column":0},"end":{"line":179,"column":48}},"179":{"start":{"line":180,"column":0},"end":{"line":180,"column":1}},"181":{"start":{"line":182,"column":0},"end":{"line":182,"column":59}},"182":{"start":{"line":183,"column":0},"end":{"line":183,"column":7}},"183":{"start":{"line":184,"column":0},"end":{"line":184,"column":32}},"184":{"start":{"line":185,"column":0},"end":{"line":185,"column":75}},"185":{"start":{"line":186,"column":0},"end":{"line":186,"column":72}},"186":{"start":{"line":187,"column":0},"end":{"line":187,"column":5}},"188":{"start":{"line":189,"column":0},"end":{"line":189,"column":15}},"189":{"start":{"line":190,"column":0},"end":{"line":190,"column":17}},"190":{"start":{"line":191,"column":0},"end":{"line":191,"column":9}},"191":{"start":{"line":192,"column":0},"end":{"line":192,"column":53}},"192":{"start":{"line":193,"column":0},"end":{"line":193,"column":69}},"193":{"start":{"line":194,"column":0},"end":{"line":194,"column":31}},"194":{"start":{"line":195,"column":0},"end":{"line":195,"column":35}},"195":{"start":{"line":196,"column":0},"end":{"line":196,"column":101}},"196":{"start":{"line":197,"column":0},"end":{"line":197,"column":9}},"197":{"start":{"line":198,"column":0},"end":{"line":198,"column":5}},"199":{"start":{"line":200,"column":0},"end":{"line":200,"column":21}},"200":{"start":{"line":201,"column":0},"end":{"line":201,"column":44}},"201":{"start":{"line":202,"column":0},"end":{"line":202,"column":37}},"202":{"start":{"line":203,"column":0},"end":{"line":203,"column":6}},"204":{"start":{"line":205,"column":0},"end":{"line":205,"column":79}},"205":{"start":{"line":206,"column":0},"end":{"line":206,"column":21}},"206":{"start":{"line":207,"column":0},"end":{"line":207,"column":31}},"207":{"start":{"line":208,"column":0},"end":{"line":208,"column":29}},"208":{"start":{"line":209,"column":0},"end":{"line":209,"column":36}},"209":{"start":{"line":210,"column":0},"end":{"line":210,"column":92}},"210":{"start":{"line":211,"column":0},"end":{"line":211,"column":121}},"211":{"start":{"line":212,"column":0},"end":{"line":212,"column":92}},"212":{"start":{"line":213,"column":0},"end":{"line":213,"column":117}},"213":{"start":{"line":214,"column":0},"end":{"line":214,"column":126}},"214":{"start":{"line":215,"column":0},"end":{"line":215,"column":74}},"215":{"start":{"line":216,"column":0},"end":{"line":216,"column":82}},"216":{"start":{"line":217,"column":0},"end":{"line":217,"column":46}},"217":{"start":{"line":218,"column":0},"end":{"line":218,"column":6}},"219":{"start":{"line":220,"column":0},"end":{"line":220,"column":71}},"220":{"start":{"line":221,"column":0},"end":{"line":221,"column":21}},"221":{"start":{"line":222,"column":0},"end":{"line":222,"column":14}},"222":{"start":{"line":223,"column":0},"end":{"line":223,"column":35}},"223":{"start":{"line":224,"column":0},"end":{"line":224,"column":7}},"225":{"start":{"line":226,"column":0},"end":{"line":226,"column":23}},"226":{"start":{"line":227,"column":0},"end":{"line":227,"column":35}},"227":{"start":{"line":228,"column":0},"end":{"line":228,"column":39}},"228":{"start":{"line":229,"column":0},"end":{"line":229,"column":40}},"229":{"start":{"line":230,"column":0},"end":{"line":230,"column":32}},"230":{"start":{"line":231,"column":0},"end":{"line":231,"column":9}},"231":{"start":{"line":232,"column":0},"end":{"line":232,"column":5}},"233":{"start":{"line":234,"column":0},"end":{"line":234,"column":61}},"234":{"start":{"line":235,"column":0},"end":{"line":235,"column":39}},"235":{"start":{"line":236,"column":0},"end":{"line":236,"column":80}},"236":{"start":{"line":237,"column":0},"end":{"line":237,"column":5}},"238":{"start":{"line":239,"column":0},"end":{"line":239,"column":66}},"239":{"start":{"line":240,"column":0},"end":{"line":240,"column":19}},"240":{"start":{"line":241,"column":0},"end":{"line":241,"column":33}},"241":{"start":{"line":242,"column":0},"end":{"line":242,"column":48}},"242":{"start":{"line":243,"column":0},"end":{"line":243,"column":80}},"243":{"start":{"line":244,"column":0},"end":{"line":244,"column":7}},"244":{"start":{"line":245,"column":0},"end":{"line":245,"column":3}},"245":{"start":{"line":246,"column":0},"end":{"line":246,"column":3}},"247":{"start":{"line":248,"column":0},"end":{"line":248,"column":64}},"248":{"start":{"line":249,"column":0},"end":{"line":249,"column":7}},"249":{"start":{"line":250,"column":0},"end":{"line":250,"column":33}},"250":{"start":{"line":251,"column":0},"end":{"line":251,"column":35}},"251":{"start":{"line":252,"column":0},"end":{"line":252,"column":71}},"252":{"start":{"line":253,"column":0},"end":{"line":253,"column":5}},"254":{"start":{"line":255,"column":0},"end":{"line":255,"column":32}},"255":{"start":{"line":256,"column":0},"end":{"line":256,"column":67}},"256":{"start":{"line":257,"column":0},"end":{"line":257,"column":72}},"257":{"start":{"line":258,"column":0},"end":{"line":258,"column":5}},"259":{"start":{"line":260,"column":0},"end":{"line":260,"column":13}},"260":{"start":{"line":261,"column":0},"end":{"line":261,"column":14}},"261":{"start":{"line":262,"column":0},"end":{"line":262,"column":21}},"262":{"start":{"line":263,"column":0},"end":{"line":263,"column":14}},"263":{"start":{"line":264,"column":0},"end":{"line":264,"column":20}},"264":{"start":{"line":265,"column":0},"end":{"line":265,"column":22}},"265":{"start":{"line":266,"column":0},"end":{"line":266,"column":17}},"266":{"start":{"line":267,"column":0},"end":{"line":267,"column":15}},"267":{"start":{"line":268,"column":0},"end":{"line":268,"column":14}},"268":{"start":{"line":269,"column":0},"end":{"line":269,"column":25}},"270":{"start":{"line":271,"column":0},"end":{"line":271,"column":9}},"271":{"start":{"line":272,"column":0},"end":{"line":272,"column":42}},"272":{"start":{"line":273,"column":0},"end":{"line":273,"column":51}},"273":{"start":{"line":274,"column":0},"end":{"line":274,"column":7}},"274":{"start":{"line":275,"column":0},"end":{"line":275,"column":42}},"275":{"start":{"line":276,"column":0},"end":{"line":276,"column":53}},"276":{"start":{"line":277,"column":0},"end":{"line":277,"column":74}},"277":{"start":{"line":278,"column":0},"end":{"line":278,"column":53}},"278":{"start":{"line":279,"column":0},"end":{"line":279,"column":63}},"279":{"start":{"line":280,"column":0},"end":{"line":280,"column":64}},"280":{"start":{"line":281,"column":0},"end":{"line":281,"column":69}},"281":{"start":{"line":282,"column":0},"end":{"line":282,"column":53}},"282":{"start":{"line":283,"column":0},"end":{"line":283,"column":45}},"283":{"start":{"line":284,"column":0},"end":{"line":284,"column":46}},"284":{"start":{"line":285,"column":0},"end":{"line":285,"column":51}},"285":{"start":{"line":286,"column":0},"end":{"line":286,"column":7}},"286":{"start":{"line":287,"column":0},"end":{"line":287,"column":31}},"287":{"start":{"line":288,"column":0},"end":{"line":288,"column":35}},"288":{"start":{"line":289,"column":0},"end":{"line":289,"column":101}},"289":{"start":{"line":290,"column":0},"end":{"line":290,"column":9}},"290":{"start":{"line":291,"column":0},"end":{"line":291,"column":5}},"292":{"start":{"line":293,"column":0},"end":{"line":293,"column":21}},"293":{"start":{"line":294,"column":0},"end":{"line":294,"column":44}},"294":{"start":{"line":295,"column":0},"end":{"line":295,"column":37}},"295":{"start":{"line":296,"column":0},"end":{"line":296,"column":6}},"297":{"start":{"line":298,"column":0},"end":{"line":298,"column":25}},"298":{"start":{"line":299,"column":0},"end":{"line":299,"column":54}},"299":{"start":{"line":300,"column":0},"end":{"line":300,"column":46}},"300":{"start":{"line":301,"column":0},"end":{"line":301,"column":60}},"301":{"start":{"line":302,"column":0},"end":{"line":302,"column":18}},"302":{"start":{"line":303,"column":0},"end":{"line":303,"column":99}},"303":{"start":{"line":304,"column":0},"end":{"line":304,"column":20}},"304":{"start":{"line":305,"column":0},"end":{"line":305,"column":13}},"305":{"start":{"line":306,"column":0},"end":{"line":306,"column":7}},"306":{"start":{"line":307,"column":0},"end":{"line":307,"column":33}},"307":{"start":{"line":308,"column":0},"end":{"line":308,"column":35}},"308":{"start":{"line":309,"column":0},"end":{"line":309,"column":37}},"309":{"start":{"line":310,"column":0},"end":{"line":310,"column":50}},"310":{"start":{"line":311,"column":0},"end":{"line":311,"column":36}},"311":{"start":{"line":312,"column":0},"end":{"line":312,"column":9}},"312":{"start":{"line":313,"column":0},"end":{"line":313,"column":5}},"314":{"start":{"line":315,"column":0},"end":{"line":315,"column":73}},"315":{"start":{"line":316,"column":0},"end":{"line":316,"column":27}},"316":{"start":{"line":317,"column":0},"end":{"line":317,"column":63}},"317":{"start":{"line":318,"column":0},"end":{"line":318,"column":5}},"318":{"start":{"line":319,"column":0},"end":{"line":319,"column":37}},"320":{"start":{"line":321,"column":0},"end":{"line":321,"column":32}},"321":{"start":{"line":322,"column":0},"end":{"line":322,"column":20}},"322":{"start":{"line":323,"column":0},"end":{"line":323,"column":29}},"323":{"start":{"line":324,"column":0},"end":{"line":324,"column":76}},"324":{"start":{"line":325,"column":0},"end":{"line":325,"column":32}},"325":{"start":{"line":326,"column":0},"end":{"line":326,"column":73}},"326":{"start":{"line":327,"column":0},"end":{"line":327,"column":64}},"327":{"start":{"line":328,"column":0},"end":{"line":328,"column":28}},"328":{"start":{"line":329,"column":0},"end":{"line":329,"column":112}},"329":{"start":{"line":330,"column":0},"end":{"line":330,"column":24}},"330":{"start":{"line":331,"column":0},"end":{"line":331,"column":17}},"331":{"start":{"line":332,"column":0},"end":{"line":332,"column":11}},"332":{"start":{"line":333,"column":0},"end":{"line":333,"column":40}},"333":{"start":{"line":334,"column":0},"end":{"line":334,"column":39}},"334":{"start":{"line":335,"column":0},"end":{"line":335,"column":57}},"335":{"start":{"line":336,"column":0},"end":{"line":336,"column":57}},"336":{"start":{"line":337,"column":0},"end":{"line":337,"column":43}},"337":{"start":{"line":338,"column":0},"end":{"line":338,"column":13}},"338":{"start":{"line":339,"column":0},"end":{"line":339,"column":9}},"340":{"start":{"line":341,"column":0},"end":{"line":341,"column":87}},"341":{"start":{"line":342,"column":0},"end":{"line":342,"column":80}},"342":{"start":{"line":343,"column":0},"end":{"line":343,"column":95}},"343":{"start":{"line":344,"column":0},"end":{"line":344,"column":38}},"344":{"start":{"line":345,"column":0},"end":{"line":345,"column":39}},"345":{"start":{"line":346,"column":0},"end":{"line":346,"column":80}},"346":{"start":{"line":347,"column":0},"end":{"line":347,"column":28}},"347":{"start":{"line":348,"column":0},"end":{"line":348,"column":13}},"348":{"start":{"line":349,"column":0},"end":{"line":349,"column":9}},"349":{"start":{"line":350,"column":0},"end":{"line":350,"column":14}},"350":{"start":{"line":351,"column":0},"end":{"line":351,"column":32}},"351":{"start":{"line":352,"column":0},"end":{"line":352,"column":7}},"352":{"start":{"line":353,"column":0},"end":{"line":353,"column":5}},"354":{"start":{"line":355,"column":0},"end":{"line":355,"column":27}},"355":{"start":{"line":356,"column":0},"end":{"line":356,"column":11}},"356":{"start":{"line":357,"column":0},"end":{"line":357,"column":62}},"357":{"start":{"line":358,"column":0},"end":{"line":358,"column":92}},"358":{"start":{"line":359,"column":0},"end":{"line":359,"column":62}},"359":{"start":{"line":360,"column":0},"end":{"line":360,"column":88}},"360":{"start":{"line":361,"column":0},"end":{"line":361,"column":96}},"361":{"start":{"line":362,"column":0},"end":{"line":362,"column":99}},"362":{"start":{"line":363,"column":0},"end":{"line":363,"column":89}},"363":{"start":{"line":364,"column":0},"end":{"line":364,"column":20}},"364":{"start":{"line":365,"column":0},"end":{"line":365,"column":120}},"365":{"start":{"line":366,"column":0},"end":{"line":366,"column":6}},"367":{"start":{"line":368,"column":0},"end":{"line":368,"column":25}},"368":{"start":{"line":369,"column":0},"end":{"line":369,"column":54}},"369":{"start":{"line":370,"column":0},"end":{"line":370,"column":46}},"370":{"start":{"line":371,"column":0},"end":{"line":371,"column":60}},"371":{"start":{"line":372,"column":0},"end":{"line":372,"column":18}},"372":{"start":{"line":373,"column":0},"end":{"line":373,"column":91}},"373":{"start":{"line":374,"column":0},"end":{"line":374,"column":22}},"374":{"start":{"line":375,"column":0},"end":{"line":375,"column":14}},"375":{"start":{"line":376,"column":0},"end":{"line":376,"column":41}},"376":{"start":{"line":377,"column":0},"end":{"line":377,"column":7}},"377":{"start":{"line":378,"column":0},"end":{"line":378,"column":29}},"378":{"start":{"line":379,"column":0},"end":{"line":379,"column":35}},"379":{"start":{"line":380,"column":0},"end":{"line":380,"column":39}},"380":{"start":{"line":381,"column":0},"end":{"line":381,"column":46}},"381":{"start":{"line":382,"column":0},"end":{"line":382,"column":32}},"382":{"start":{"line":383,"column":0},"end":{"line":383,"column":9}},"383":{"start":{"line":384,"column":0},"end":{"line":384,"column":5}},"385":{"start":{"line":386,"column":0},"end":{"line":386,"column":68}},"386":{"start":{"line":387,"column":0},"end":{"line":387,"column":30}},"387":{"start":{"line":388,"column":0},"end":{"line":388,"column":63}},"388":{"start":{"line":389,"column":0},"end":{"line":389,"column":5}},"389":{"start":{"line":390,"column":0},"end":{"line":390,"column":39}},"391":{"start":{"line":392,"column":0},"end":{"line":392,"column":20}},"392":{"start":{"line":393,"column":0},"end":{"line":393,"column":126}},"393":{"start":{"line":394,"column":0},"end":{"line":394,"column":110}},"394":{"start":{"line":395,"column":0},"end":{"line":395,"column":25}},"395":{"start":{"line":396,"column":0},"end":{"line":396,"column":15}},"396":{"start":{"line":397,"column":0},"end":{"line":397,"column":9}},"397":{"start":{"line":398,"column":0},"end":{"line":398,"column":38}},"398":{"start":{"line":399,"column":0},"end":{"line":399,"column":37}},"399":{"start":{"line":400,"column":0},"end":{"line":400,"column":53}},"400":{"start":{"line":401,"column":0},"end":{"line":401,"column":55}},"401":{"start":{"line":402,"column":0},"end":{"line":402,"column":41}},"402":{"start":{"line":403,"column":0},"end":{"line":403,"column":11}},"403":{"start":{"line":404,"column":0},"end":{"line":404,"column":7}},"405":{"start":{"line":406,"column":0},"end":{"line":406,"column":29}},"406":{"start":{"line":407,"column":0},"end":{"line":407,"column":87}},"407":{"start":{"line":408,"column":0},"end":{"line":408,"column":61}},"408":{"start":{"line":409,"column":0},"end":{"line":409,"column":26}},"409":{"start":{"line":410,"column":0},"end":{"line":410,"column":29}},"410":{"start":{"line":411,"column":0},"end":{"line":411,"column":12}},"411":{"start":{"line":412,"column":0},"end":{"line":412,"column":32}},"412":{"start":{"line":413,"column":0},"end":{"line":413,"column":21}},"413":{"start":{"line":414,"column":0},"end":{"line":414,"column":48}},"414":{"start":{"line":415,"column":0},"end":{"line":415,"column":10}},"415":{"start":{"line":416,"column":0},"end":{"line":416,"column":112}},"416":{"start":{"line":417,"column":0},"end":{"line":417,"column":25}},"417":{"start":{"line":418,"column":0},"end":{"line":418,"column":34}},"418":{"start":{"line":419,"column":0},"end":{"line":419,"column":46}},"419":{"start":{"line":420,"column":0},"end":{"line":420,"column":11}},"420":{"start":{"line":421,"column":0},"end":{"line":421,"column":40}},"421":{"start":{"line":422,"column":0},"end":{"line":422,"column":39}},"422":{"start":{"line":423,"column":0},"end":{"line":423,"column":54}},"423":{"start":{"line":424,"column":0},"end":{"line":424,"column":57}},"424":{"start":{"line":425,"column":0},"end":{"line":425,"column":43}},"425":{"start":{"line":426,"column":0},"end":{"line":426,"column":13}},"426":{"start":{"line":427,"column":0},"end":{"line":427,"column":9}},"427":{"start":{"line":428,"column":0},"end":{"line":428,"column":7}},"428":{"start":{"line":429,"column":0},"end":{"line":429,"column":5}},"430":{"start":{"line":431,"column":0},"end":{"line":431,"column":141}},"431":{"start":{"line":432,"column":0},"end":{"line":432,"column":108}},"432":{"start":{"line":433,"column":0},"end":{"line":433,"column":20}},"433":{"start":{"line":434,"column":0},"end":{"line":434,"column":13}},"434":{"start":{"line":435,"column":0},"end":{"line":435,"column":7}},"435":{"start":{"line":436,"column":0},"end":{"line":436,"column":36}},"436":{"start":{"line":437,"column":0},"end":{"line":437,"column":35}},"437":{"start":{"line":438,"column":0},"end":{"line":438,"column":48}},"438":{"start":{"line":439,"column":0},"end":{"line":439,"column":53}},"439":{"start":{"line":440,"column":0},"end":{"line":440,"column":39}},"440":{"start":{"line":441,"column":0},"end":{"line":441,"column":9}},"441":{"start":{"line":442,"column":0},"end":{"line":442,"column":5}},"443":{"start":{"line":444,"column":0},"end":{"line":444,"column":82}},"444":{"start":{"line":445,"column":0},"end":{"line":445,"column":41}},"445":{"start":{"line":446,"column":0},"end":{"line":446,"column":14}},"446":{"start":{"line":447,"column":0},"end":{"line":447,"column":19}},"447":{"start":{"line":448,"column":0},"end":{"line":448,"column":84}},"448":{"start":{"line":449,"column":0},"end":{"line":449,"column":44}},"449":{"start":{"line":450,"column":0},"end":{"line":450,"column":7}},"450":{"start":{"line":451,"column":0},"end":{"line":451,"column":6}},"452":{"start":{"line":453,"column":0},"end":{"line":453,"column":29}},"453":{"start":{"line":454,"column":0},"end":{"line":454,"column":35}},"454":{"start":{"line":455,"column":0},"end":{"line":455,"column":82}},"455":{"start":{"line":456,"column":0},"end":{"line":456,"column":32}},"456":{"start":{"line":457,"column":0},"end":{"line":457,"column":71}},"457":{"start":{"line":458,"column":0},"end":{"line":458,"column":62}},"458":{"start":{"line":459,"column":0},"end":{"line":459,"column":26}},"459":{"start":{"line":460,"column":0},"end":{"line":460,"column":116}},"460":{"start":{"line":461,"column":0},"end":{"line":461,"column":22}},"461":{"start":{"line":462,"column":0},"end":{"line":462,"column":15}},"462":{"start":{"line":463,"column":0},"end":{"line":463,"column":9}},"463":{"start":{"line":464,"column":0},"end":{"line":464,"column":40}},"464":{"start":{"line":465,"column":0},"end":{"line":465,"column":37}},"465":{"start":{"line":466,"column":0},"end":{"line":466,"column":45}},"466":{"start":{"line":467,"column":0},"end":{"line":467,"column":57}},"467":{"start":{"line":468,"column":0},"end":{"line":468,"column":43}},"468":{"start":{"line":469,"column":0},"end":{"line":469,"column":11}},"469":{"start":{"line":470,"column":0},"end":{"line":470,"column":7}},"470":{"start":{"line":471,"column":0},"end":{"line":471,"column":95}},"471":{"start":{"line":472,"column":0},"end":{"line":472,"column":83}},"472":{"start":{"line":473,"column":0},"end":{"line":473,"column":118}},"473":{"start":{"line":474,"column":0},"end":{"line":474,"column":27}},"474":{"start":{"line":475,"column":0},"end":{"line":475,"column":43}},"475":{"start":{"line":476,"column":0},"end":{"line":476,"column":5}},"477":{"start":{"line":478,"column":0},"end":{"line":478,"column":33}},"478":{"start":{"line":479,"column":0},"end":{"line":479,"column":15}},"479":{"start":{"line":480,"column":0},"end":{"line":480,"column":24}},"480":{"start":{"line":481,"column":0},"end":{"line":481,"column":35}},"481":{"start":{"line":482,"column":0},"end":{"line":482,"column":30}},"482":{"start":{"line":483,"column":0},"end":{"line":483,"column":7}},"483":{"start":{"line":484,"column":0},"end":{"line":484,"column":19}},"484":{"start":{"line":485,"column":0},"end":{"line":485,"column":33}},"485":{"start":{"line":486,"column":0},"end":{"line":486,"column":48}},"486":{"start":{"line":487,"column":0},"end":{"line":487,"column":80}},"487":{"start":{"line":488,"column":0},"end":{"line":488,"column":7}},"488":{"start":{"line":489,"column":0},"end":{"line":489,"column":3}},"489":{"start":{"line":490,"column":0},"end":{"line":490,"column":3}},"491":{"start":{"line":492,"column":0},"end":{"line":492,"column":72}},"492":{"start":{"line":493,"column":0},"end":{"line":493,"column":7}},"493":{"start":{"line":494,"column":0},"end":{"line":494,"column":33}},"494":{"start":{"line":495,"column":0},"end":{"line":495,"column":35}},"495":{"start":{"line":496,"column":0},"end":{"line":496,"column":71}},"496":{"start":{"line":497,"column":0},"end":{"line":497,"column":5}},"498":{"start":{"line":499,"column":0},"end":{"line":499,"column":32}},"499":{"start":{"line":500,"column":0},"end":{"line":500,"column":111}},"500":{"start":{"line":501,"column":0},"end":{"line":501,"column":84}},"501":{"start":{"line":502,"column":0},"end":{"line":502,"column":5}},"503":{"start":{"line":504,"column":0},"end":{"line":504,"column":63}},"504":{"start":{"line":505,"column":0},"end":{"line":505,"column":113}},"505":{"start":{"line":506,"column":0},"end":{"line":506,"column":11}},"506":{"start":{"line":507,"column":0},"end":{"line":507,"column":51}},"507":{"start":{"line":508,"column":0},"end":{"line":508,"column":105}},"508":{"start":{"line":509,"column":0},"end":{"line":509,"column":11}},"510":{"start":{"line":511,"column":0},"end":{"line":511,"column":21}},"511":{"start":{"line":512,"column":0},"end":{"line":512,"column":44}},"512":{"start":{"line":513,"column":0},"end":{"line":513,"column":37}},"513":{"start":{"line":514,"column":0},"end":{"line":514,"column":6}},"515":{"start":{"line":516,"column":0},"end":{"line":516,"column":115}},"516":{"start":{"line":517,"column":0},"end":{"line":517,"column":87}},"517":{"start":{"line":518,"column":0},"end":{"line":518,"column":22}},"518":{"start":{"line":519,"column":0},"end":{"line":519,"column":14}},"519":{"start":{"line":520,"column":0},"end":{"line":520,"column":80}},"520":{"start":{"line":521,"column":0},"end":{"line":521,"column":7}},"522":{"start":{"line":523,"column":0},"end":{"line":523,"column":29}},"523":{"start":{"line":524,"column":0},"end":{"line":524,"column":35}},"524":{"start":{"line":525,"column":0},"end":{"line":525,"column":53}},"525":{"start":{"line":526,"column":0},"end":{"line":526,"column":46}},"526":{"start":{"line":527,"column":0},"end":{"line":527,"column":32}},"527":{"start":{"line":528,"column":0},"end":{"line":528,"column":9}},"528":{"start":{"line":529,"column":0},"end":{"line":529,"column":5}},"530":{"start":{"line":531,"column":0},"end":{"line":531,"column":68}},"531":{"start":{"line":532,"column":0},"end":{"line":532,"column":30}},"532":{"start":{"line":533,"column":0},"end":{"line":533,"column":63}},"533":{"start":{"line":534,"column":0},"end":{"line":534,"column":5}},"535":{"start":{"line":536,"column":0},"end":{"line":536,"column":33}},"536":{"start":{"line":537,"column":0},"end":{"line":537,"column":82}},"537":{"start":{"line":538,"column":0},"end":{"line":538,"column":71}},"538":{"start":{"line":539,"column":0},"end":{"line":539,"column":24}},"539":{"start":{"line":540,"column":0},"end":{"line":540,"column":30}},"540":{"start":{"line":541,"column":0},"end":{"line":541,"column":25}},"541":{"start":{"line":542,"column":0},"end":{"line":542,"column":10}},"542":{"start":{"line":543,"column":0},"end":{"line":543,"column":104}},"543":{"start":{"line":544,"column":0},"end":{"line":544,"column":23}},"544":{"start":{"line":545,"column":0},"end":{"line":545,"column":16}},"545":{"start":{"line":546,"column":0},"end":{"line":546,"column":42}},"546":{"start":{"line":547,"column":0},"end":{"line":547,"column":9}},"547":{"start":{"line":548,"column":0},"end":{"line":548,"column":36}},"548":{"start":{"line":549,"column":0},"end":{"line":549,"column":37}},"549":{"start":{"line":550,"column":0},"end":{"line":550,"column":49}},"550":{"start":{"line":551,"column":0},"end":{"line":551,"column":53}},"551":{"start":{"line":552,"column":0},"end":{"line":552,"column":39}},"552":{"start":{"line":553,"column":0},"end":{"line":553,"column":11}},"553":{"start":{"line":554,"column":0},"end":{"line":554,"column":7}},"554":{"start":{"line":555,"column":0},"end":{"line":555,"column":5}},"556":{"start":{"line":557,"column":0},"end":{"line":557,"column":27}},"557":{"start":{"line":558,"column":0},"end":{"line":558,"column":85}},"558":{"start":{"line":559,"column":0},"end":{"line":559,"column":59}},"559":{"start":{"line":560,"column":0},"end":{"line":560,"column":24}},"560":{"start":{"line":561,"column":0},"end":{"line":561,"column":27}},"561":{"start":{"line":562,"column":0},"end":{"line":562,"column":10}},"562":{"start":{"line":563,"column":0},"end":{"line":563,"column":30}},"563":{"start":{"line":564,"column":0},"end":{"line":564,"column":19}},"564":{"start":{"line":565,"column":0},"end":{"line":565,"column":46}},"565":{"start":{"line":566,"column":0},"end":{"line":566,"column":8}},"566":{"start":{"line":567,"column":0},"end":{"line":567,"column":110}},"567":{"start":{"line":568,"column":0},"end":{"line":568,"column":23}},"568":{"start":{"line":569,"column":0},"end":{"line":569,"column":32}},"569":{"start":{"line":570,"column":0},"end":{"line":570,"column":44}},"570":{"start":{"line":571,"column":0},"end":{"line":571,"column":9}},"571":{"start":{"line":572,"column":0},"end":{"line":572,"column":38}},"572":{"start":{"line":573,"column":0},"end":{"line":573,"column":37}},"573":{"start":{"line":574,"column":0},"end":{"line":574,"column":52}},"574":{"start":{"line":575,"column":0},"end":{"line":575,"column":55}},"575":{"start":{"line":576,"column":0},"end":{"line":576,"column":41}},"576":{"start":{"line":577,"column":0},"end":{"line":577,"column":11}},"577":{"start":{"line":578,"column":0},"end":{"line":578,"column":7}},"578":{"start":{"line":579,"column":0},"end":{"line":579,"column":5}},"580":{"start":{"line":581,"column":0},"end":{"line":581,"column":33}},"581":{"start":{"line":582,"column":0},"end":{"line":582,"column":15}},"582":{"start":{"line":583,"column":0},"end":{"line":583,"column":13}},"583":{"start":{"line":584,"column":0},"end":{"line":584,"column":47}},"584":{"start":{"line":585,"column":0},"end":{"line":585,"column":46}},"585":{"start":{"line":586,"column":0},"end":{"line":586,"column":7}},"586":{"start":{"line":587,"column":0},"end":{"line":587,"column":19}},"587":{"start":{"line":588,"column":0},"end":{"line":588,"column":33}},"588":{"start":{"line":589,"column":0},"end":{"line":589,"column":48}},"589":{"start":{"line":590,"column":0},"end":{"line":590,"column":80}},"590":{"start":{"line":591,"column":0},"end":{"line":591,"column":7}},"591":{"start":{"line":592,"column":0},"end":{"line":592,"column":3}},"592":{"start":{"line":593,"column":0},"end":{"line":593,"column":3}},"594":{"start":{"line":595,"column":0},"end":{"line":595,"column":65}},"595":{"start":{"line":596,"column":0},"end":{"line":596,"column":7}},"596":{"start":{"line":597,"column":0},"end":{"line":597,"column":33}},"597":{"start":{"line":598,"column":0},"end":{"line":598,"column":35}},"598":{"start":{"line":599,"column":0},"end":{"line":599,"column":71}},"599":{"start":{"line":600,"column":0},"end":{"line":600,"column":5}},"601":{"start":{"line":602,"column":0},"end":{"line":602,"column":55}},"602":{"start":{"line":603,"column":0},"end":{"line":603,"column":138}},"604":{"start":{"line":605,"column":0},"end":{"line":605,"column":126}},"605":{"start":{"line":606,"column":0},"end":{"line":606,"column":33}},"606":{"start":{"line":607,"column":0},"end":{"line":607,"column":35}},"607":{"start":{"line":608,"column":0},"end":{"line":608,"column":53}},"608":{"start":{"line":609,"column":0},"end":{"line":609,"column":50}},"609":{"start":{"line":610,"column":0},"end":{"line":610,"column":36}},"610":{"start":{"line":611,"column":0},"end":{"line":611,"column":9}},"611":{"start":{"line":612,"column":0},"end":{"line":612,"column":5}},"613":{"start":{"line":614,"column":0},"end":{"line":614,"column":73}},"614":{"start":{"line":615,"column":0},"end":{"line":615,"column":27}},"615":{"start":{"line":616,"column":0},"end":{"line":616,"column":63}},"616":{"start":{"line":617,"column":0},"end":{"line":617,"column":5}},"618":{"start":{"line":619,"column":0},"end":{"line":619,"column":29}},"619":{"start":{"line":620,"column":0},"end":{"line":620,"column":140}},"620":{"start":{"line":621,"column":0},"end":{"line":621,"column":132}},"621":{"start":{"line":622,"column":0},"end":{"line":622,"column":35}},"622":{"start":{"line":623,"column":0},"end":{"line":623,"column":35}},"623":{"start":{"line":624,"column":0},"end":{"line":624,"column":60}},"624":{"start":{"line":625,"column":0},"end":{"line":625,"column":52}},"625":{"start":{"line":626,"column":0},"end":{"line":626,"column":38}},"626":{"start":{"line":627,"column":0},"end":{"line":627,"column":9}},"627":{"start":{"line":628,"column":0},"end":{"line":628,"column":5}},"629":{"start":{"line":630,"column":0},"end":{"line":630,"column":78}},"630":{"start":{"line":631,"column":0},"end":{"line":631,"column":93}},"631":{"start":{"line":632,"column":0},"end":{"line":632,"column":86}},"632":{"start":{"line":633,"column":0},"end":{"line":633,"column":34}},"634":{"start":{"line":635,"column":0},"end":{"line":635,"column":65}},"635":{"start":{"line":636,"column":0},"end":{"line":636,"column":33}},"636":{"start":{"line":637,"column":0},"end":{"line":637,"column":34}},"638":{"start":{"line":639,"column":0},"end":{"line":639,"column":36}},"639":{"start":{"line":640,"column":0},"end":{"line":640,"column":79}},"640":{"start":{"line":641,"column":0},"end":{"line":641,"column":110}},"641":{"start":{"line":642,"column":0},"end":{"line":642,"column":25}},"642":{"start":{"line":643,"column":0},"end":{"line":643,"column":16}},"643":{"start":{"line":644,"column":0},"end":{"line":644,"column":62}},"644":{"start":{"line":645,"column":0},"end":{"line":645,"column":9}},"646":{"start":{"line":647,"column":0},"end":{"line":647,"column":38}},"647":{"start":{"line":648,"column":0},"end":{"line":648,"column":32}},"648":{"start":{"line":649,"column":0},"end":{"line":649,"column":11}},"649":{"start":{"line":650,"column":0},"end":{"line":650,"column":38}},"650":{"start":{"line":651,"column":0},"end":{"line":651,"column":49}},"651":{"start":{"line":652,"column":0},"end":{"line":652,"column":35}},"652":{"start":{"line":653,"column":0},"end":{"line":653,"column":11}},"653":{"start":{"line":654,"column":0},"end":{"line":654,"column":10}},"654":{"start":{"line":655,"column":0},"end":{"line":655,"column":14}},"655":{"start":{"line":656,"column":0},"end":{"line":656,"column":49}},"656":{"start":{"line":657,"column":0},"end":{"line":657,"column":7}},"657":{"start":{"line":658,"column":0},"end":{"line":658,"column":5}},"659":{"start":{"line":660,"column":0},"end":{"line":660,"column":42}},"660":{"start":{"line":661,"column":0},"end":{"line":661,"column":35}},"661":{"start":{"line":662,"column":0},"end":{"line":662,"column":62}},"662":{"start":{"line":663,"column":0},"end":{"line":663,"column":18}},"663":{"start":{"line":664,"column":0},"end":{"line":664,"column":47}},"664":{"start":{"line":665,"column":0},"end":{"line":665,"column":46}},"665":{"start":{"line":666,"column":0},"end":{"line":666,"column":38}},"666":{"start":{"line":667,"column":0},"end":{"line":667,"column":9}},"667":{"start":{"line":668,"column":0},"end":{"line":668,"column":9}},"668":{"start":{"line":669,"column":0},"end":{"line":669,"column":5}},"670":{"start":{"line":671,"column":0},"end":{"line":671,"column":119}},"671":{"start":{"line":672,"column":0},"end":{"line":672,"column":27}},"672":{"start":{"line":673,"column":0},"end":{"line":673,"column":17}},"673":{"start":{"line":674,"column":0},"end":{"line":674,"column":37}},"674":{"start":{"line":675,"column":0},"end":{"line":675,"column":6}},"675":{"start":{"line":676,"column":0},"end":{"line":676,"column":99}},"676":{"start":{"line":677,"column":0},"end":{"line":677,"column":23}},"677":{"start":{"line":678,"column":0},"end":{"line":678,"column":28}},"678":{"start":{"line":679,"column":0},"end":{"line":679,"column":7}},"680":{"start":{"line":681,"column":0},"end":{"line":681,"column":33}},"681":{"start":{"line":682,"column":0},"end":{"line":682,"column":35}},"682":{"start":{"line":683,"column":0},"end":{"line":683,"column":43}},"683":{"start":{"line":684,"column":0},"end":{"line":684,"column":50}},"684":{"start":{"line":685,"column":0},"end":{"line":685,"column":37}},"685":{"start":{"line":686,"column":0},"end":{"line":686,"column":18}},"686":{"start":{"line":687,"column":0},"end":{"line":687,"column":47}},"687":{"start":{"line":688,"column":0},"end":{"line":688,"column":46}},"688":{"start":{"line":689,"column":0},"end":{"line":689,"column":38}},"689":{"start":{"line":690,"column":0},"end":{"line":690,"column":9}},"690":{"start":{"line":691,"column":0},"end":{"line":691,"column":9}},"691":{"start":{"line":692,"column":0},"end":{"line":692,"column":5}},"693":{"start":{"line":694,"column":0},"end":{"line":694,"column":21}},"694":{"start":{"line":695,"column":0},"end":{"line":695,"column":15}},"695":{"start":{"line":696,"column":0},"end":{"line":696,"column":13}},"696":{"start":{"line":697,"column":0},"end":{"line":697,"column":16}},"697":{"start":{"line":698,"column":0},"end":{"line":698,"column":45}},"698":{"start":{"line":699,"column":0},"end":{"line":699,"column":44}},"699":{"start":{"line":700,"column":0},"end":{"line":700,"column":36}},"700":{"start":{"line":701,"column":0},"end":{"line":701,"column":7}},"701":{"start":{"line":702,"column":0},"end":{"line":702,"column":7}},"702":{"start":{"line":703,"column":0},"end":{"line":703,"column":19}},"703":{"start":{"line":704,"column":0},"end":{"line":704,"column":33}},"704":{"start":{"line":705,"column":0},"end":{"line":705,"column":48}},"705":{"start":{"line":706,"column":0},"end":{"line":706,"column":80}},"706":{"start":{"line":707,"column":0},"end":{"line":707,"column":7}},"707":{"start":{"line":708,"column":0},"end":{"line":708,"column":3}},"708":{"start":{"line":709,"column":0},"end":{"line":709,"column":3}},"710":{"start":{"line":711,"column":0},"end":{"line":711,"column":22}}},"s":{"0":0,"2":0,"3":0,"5":0,"7":0,"8":0,"9":0,"10":0,"11":0,"12":0,"13":0,"14":0,"15":0,"16":0,"17":0,"19":0,"20":0,"21":0,"22":0,"23":0,"25":0,"26":0,"27":0,"28":0,"29":0,"30":0,"31":0,"32":0,"33":0,"34":0,"35":0,"36":0,"37":0,"39":0,"40":0,"41":0,"43":0,"44":0,"45":0,"46":0,"47":0,"48":0,"49":0,"50":0,"51":0,"52":0,"54":0,"55":0,"56":0,"57":0,"58":0,"59":0,"60":0,"61":0,"62":0,"63":0,"65":0,"66":0,"67":0,"68":0,"69":0,"70":0,"71":0,"72":0,"73":0,"74":0,"75":0,"76":0,"77":0,"78":0,"80":0,"81":0,"82":0,"83":0,"84":0,"85":0,"86":0,"87":0,"88":0,"89":0,"90":0,"91":0,"92":0,"94":0,"95":0,"96":0,"97":0,"98":0,"99":0,"101":0,"102":0,"103":0,"104":0,"105":0,"106":0,"107":0,"108":0,"109":0,"110":0,"111":0,"112":0,"113":0,"115":0,"116":0,"117":0,"119":0,"120":0,"122":0,"123":0,"124":0,"126":0,"127":0,"128":0,"129":0,"130":0,"131":0,"132":0,"133":0,"135":0,"136":0,"137":0,"138":0,"139":0,"140":0,"141":0,"142":0,"143":0,"144":0,"145":0,"146":0,"148":0,"149":0,"150":0,"151":0,"153":0,"154":0,"155":0,"156":0,"157":0,"158":0,"159":0,"160":0,"161":0,"162":0,"163":0,"164":0,"166":0,"167":0,"168":0,"169":0,"170":0,"172":0,"173":0,"174":0,"175":0,"176":0,"178":0,"179":0,"181":0,"182":0,"183":0,"184":0,"185":0,"186":0,"188":0,"189":0,"190":0,"191":0,"192":0,"193":0,"194":0,"195":0,"196":0,"197":0,"199":0,"200":0,"201":0,"202":0,"204":0,"205":0,"206":0,"207":0,"208":0,"209":0,"210":0,"211":0,"212":0,"213":0,"214":0,"215":0,"216":0,"217":0,"219":0,"220":0,"221":0,"222":0,"223":0,"225":0,"226":0,"227":0,"228":0,"229":0,"230":0,"231":0,"233":0,"234":0,"235":0,"236":0,"238":0,"239":0,"240":0,"241":0,"242":0,"243":0,"244":0,"245":0,"247":0,"248":0,"249":0,"250":0,"251":0,"252":0,"254":0,"255":0,"256":0,"257":0,"259":0,"260":0,"261":0,"262":0,"263":0,"264":0,"265":0,"266":0,"267":0,"268":0,"270":0,"271":0,"272":0,"273":0,"274":0,"275":0,"276":0,"277":0,"278":0,"279":0,"280":0,"281":0,"282":0,"283":0,"284":0,"285":0,"286":0,"287":0,"288":0,"289":0,"290":0,"292":0,"293":0,"294":0,"295":0,"297":0,"298":0,"299":0,"300":0,"301":0,"302":0,"303":0,"304":0,"305":0,"306":0,"307":0,"308":0,"309":0,"310":0,"311":0,"312":0,"314":0,"315":0,"316":0,"317":0,"318":0,"320":0,"321":0,"322":0,"323":0,"324":0,"325":0,"326":0,"327":0,"328":0,"329":0,"330":0,"331":0,"332":0,"333":0,"334":0,"335":0,"336":0,"337":0,"338":0,"340":0,"341":0,"342":0,"343":0,"344":0,"345":0,"346":0,"347":0,"348":0,"349":0,"350":0,"351":0,"352":0,"354":0,"355":0,"356":0,"357":0,"358":0,"359":0,"360":0,"361":0,"362":0,"363":0,"364":0,"365":0,"367":0,"368":0,"369":0,"370":0,"371":0,"372":0,"373":0,"374":0,"375":0,"376":0,"377":0,"378":0,"379":0,"380":0,"381":0,"382":0,"383":0,"385":0,"386":0,"387":0,"388":0,"389":0,"391":0,"392":0,"393":0,"394":0,"395":0,"396":0,"397":0,"398":0,"399":0,"400":0,"401":0,"402":0,"403":0,"405":0,"406":0,"407":0,"408":0,"409":0,"410":0,"411":0,"412":0,"413":0,"414":0,"415":0,"416":0,"417":0,"418":0,"419":0,"420":0,"421":0,"422":0,"423":0,"424":0,"425":0,"426":0,"427":0,"428":0,"430":0,"431":0,"432":0,"433":0,"434":0,"435":0,"436":0,"437":0,"438":0,"439":0,"440":0,"441":0,"443":0,"444":0,"445":0,"446":0,"447":0,"448":0,"449":0,"450":0,"452":0,"453":0,"454":0,"455":0,"456":0,"457":0,"458":0,"459":0,"460":0,"461":0,"462":0,"463":0,"464":0,"465":0,"466":0,"467":0,"468":0,"469":0,"470":0,"471":0,"472":0,"473":0,"474":0,"475":0,"477":0,"478":0,"479":0,"480":0,"481":0,"482":0,"483":0,"484":0,"485":0,"486":0,"487":0,"488":0,"489":0,"491":0,"492":0,"493":0,"494":0,"495":0,"496":0,"498":0,"499":0,"500":0,"501":0,"503":0,"504":0,"505":0,"506":0,"507":0,"508":0,"510":0,"511":0,"512":0,"513":0,"515":0,"516":0,"517":0,"518":0,"519":0,"520":0,"522":0,"523":0,"524":0,"525":0,"526":0,"527":0,"528":0,"530":0,"531":0,"532":0,"533":0,"535":0,"536":0,"537":0,"538":0,"539":0,"540":0,"541":0,"542":0,"543":0,"544":0,"545":0,"546":0,"547":0,"548":0,"549":0,"550":0,"551":0,"552":0,"553":0,"554":0,"556":0,"557":0,"558":0,"559":0,"560":0,"561":0,"562":0,"563":0,"564":0,"565":0,"566":0,"567":0,"568":0,"569":0,"570":0,"571":0,"572":0,"573":0,"574":0,"575":0,"576":0,"577":0,"578":0,"580":0,"581":0,"582":0,"583":0,"584":0,"585":0,"586":0,"587":0,"588":0,"589":0,"590":0,"591":0,"592":0,"594":0,"595":0,"596":0,"597":0,"598":0,"599":0,"601":0,"602":0,"604":0,"605":0,"606":0,"607":0,"608":0,"609":0,"610":0,"611":0,"613":0,"614":0,"615":0,"616":0,"618":0,"619":0,"620":0,"621":0,"622":0,"623":0,"624":0,"625":0,"626":0,"627":0,"629":0,"630":0,"631":0,"632":0,"634":0,"635":0,"636":0,"638":0,"639":0,"640":0,"641":0,"642":0,"643":0,"644":0,"646":0,"647":0,"648":0,"649":0,"650":0,"651":0,"652":0,"653":0,"654":0,"655":0,"656":0,"657":0,"659":0,"660":0,"661":0,"662":0,"663":0,"664":0,"665":0,"666":0,"667":0,"668":0,"670":0,"671":0,"672":0,"673":0,"674":0,"675":0,"676":0,"677":0,"678":0,"680":0,"681":0,"682":0,"683":0,"684":0,"685":0,"686":0,"687":0,"688":0,"689":0,"690":0,"691":0,"693":0,"694":0,"695":0,"696":0,"697":0,"698":0,"699":0,"700":0,"701":0,"702":0,"703":0,"704":0,"705":0,"706":0,"707":0,"708":0,"710":0},"branchMap":{"0":{"type":"branch","line":1,"loc":{"start":{"line":1,"column":24177},"end":{"line":711,"column":22}},"locations":[{"start":{"line":1,"column":24177},"end":{"line":711,"column":22}}]}},"b":{"0":[0]},"fnMap":{"0":{"name":"(empty-report)","decl":{"start":{"line":1,"column":24177},"end":{"line":711,"column":22}},"loc":{"start":{"line":1,"column":24177},"end":{"line":711,"column":22}},"line":1}},"f":{"0":0}}
,"/Users/leonlee/dev/lsylabs/clothesly/backend/src/routes/uploads.js": {"path":"/Users/leonlee/dev/lsylabs/clothesly/backend/src/routes/uploads.js","all":true,"statementMap":{"0":{"start":{"line":1,"column":0},"end":{"line":1,"column":33}},"2":{"start":{"line":3,"column":0},"end":{"line":3,"column":41}},"4":{"start":{"line":5,"column":0},"end":{"line":5,"column":24}},"6":{"start":{"line":7,"column":0},"end":{"line":7,"column":66}},"7":{"start":{"line":8,"column":0},"end":{"line":8,"column":61}},"9":{"start":{"line":10,"column":0},"end":{"line":10,"column":47}},"10":{"start":{"line":11,"column":0},"end":{"line":11,"column":33}},"11":{"start":{"line":12,"column":0},"end":{"line":12,"column":30}},"12":{"start":{"line":13,"column":0},"end":{"line":13,"column":55}},"13":{"start":{"line":14,"column":0},"end":{"line":14,"column":7}},"14":{"start":{"line":15,"column":0},"end":{"line":15,"column":3}},"16":{"start":{"line":17,"column":0},"end":{"line":17,"column":31}},"17":{"start":{"line":18,"column":0},"end":{"line":18,"column":29}},"18":{"start":{"line":19,"column":0},"end":{"line":19,"column":97}},"19":{"start":{"line":20,"column":0},"end":{"line":20,"column":74}},"20":{"start":{"line":21,"column":0},"end":{"line":21,"column":5}},"21":{"start":{"line":22,"column":0},"end":{"line":22,"column":3}},"23":{"start":{"line":24,"column":0},"end":{"line":24,"column":22}}},"s":{"0":0,"2":0,"4":0,"6":0,"7":0,"9":0,"10":0,"11":0,"12":0,"13":0,"14":0,"16":0,"17":0,"18":0,"19":0,"20":0,"21":0,"23":0},"branchMap":{"0":{"type":"branch","line":1,"loc":{"start":{"line":1,"column":684},"end":{"line":24,"column":22}},"locations":[{"start":{"line":1,"column":684},"end":{"line":24,"column":22}}]}},"b":{"0":[0]},"fnMap":{"0":{"name":"(empty-report)","decl":{"start":{"line":1,"column":684},"end":{"line":24,"column":22}},"loc":{"start":{"line":1,"column":684},"end":{"line":24,"column":22}},"line":1}},"f":{"0":0}}
,"/Users/leonlee/dev/lsylabs/clothesly/src/App.tsx": {"path":"/Users/leonlee/dev/lsylabs/clothesly/src/App.tsx","all":true,"statementMap":{"0":{"start":{"line":1,"column":0},"end":{"line":1,"column":44}},"1":{"start":{"line":2,"column":0},"end":{"line":2,"column":66}},"3":{"start":{"line":4,"column":0},"end":{"line":4,"column":54}},"4":{"start":{"line":5,"column":0},"end":{"line":5,"column":55}},"6":{"start":{"line":7,"column":0},"end":{"line":7,"column":31}},"7":{"start":{"line":8,"column":0},"end":{"line":8,"column":10}},"8":{"start":{"line":9,"column":0},"end":{"line":9,"column":22}},"9":{"start":{"line":10,"column":0},"end":{"line":10,"column":20}},"10":{"start":{"line":11,"column":0},"end":{"line":11,"column":34}},"11":{"start":{"line":12,"column":0},"end":{"line":12,"column":25}},"12":{"start":{"line":13,"column":0},"end":{"line":13,"column":21}},"13":{"start":{"line":14,"column":0},"end":{"line":14,"column":23}},"15":{"start":{"line":16,"column":0},"end":{"line":16,"column":1}}},"s":{"0":0,"1":0,"3":0,"4":0,"6":0,"7":0,"8":0,"9":0,"10":0,"11":0,"12":0,"13":0,"15":0},"branchMap":{"0":{"type":"branch","line":1,"loc":{"start":{"line":1,"column":425},"end":{"line":16,"column":1}},"locations":[{"start":{"line":1,"column":425},"end":{"line":16,"column":1}}]}},"b":{"0":[0]},"fnMap":{"0":{"name":"(empty-report)","decl":{"start":{"line":1,"column":425},"end":{"line":16,"column":1}},"loc":{"start":{"line":1,"column":425},"end":{"line":16,"column":1}},"line":1}},"f":{"0":0}}
,"/Users/leonlee/dev/lsylabs/clothesly/src/components/AddActionSheet.tsx": {"path":"/Users/leonlee/dev/lsylabs/clothesly/src/components/AddActionSheet.tsx","all":true,"statementMap":{"0":{"start":{"line":1,"column":0},"end":{"line":1,"column":72}},"1":{"start":{"line":2,"column":0},"end":{"line":2,"column":51}},"2":{"start":{"line":3,"column":0},"end":{"line":3,"column":67}},"17":{"start":{"line":18,"column":0},"end":{"line":18,"column":66}},"18":{"start":{"line":19,"column":0},"end":{"line":19,"column":10}},"19":{"start":{"line":20,"column":0},"end":{"line":20,"column":58}},"20":{"start":{"line":21,"column":0},"end":{"line":21,"column":60}},"21":{"start":{"line":22,"column":0},"end":{"line":22,"column":52}},"22":{"start":{"line":23,"column":0},"end":{"line":23,"column":16}},"24":{"start":{"line":25,"column":0},"end":{"line":25,"column":1}},"26":{"start":{"line":27,"column":0},"end":{"line":27,"column":96}},"27":{"start":{"line":28,"column":0},"end":{"line":28,"column":37}},"29":{"start":{"line":30,"column":0},"end":{"line":30,"column":10}},"30":{"start":{"line":31,"column":0},"end":{"line":31,"column":62}},"31":{"start":{"line":32,"column":0},"end":{"line":32,"column":59}},"32":{"start":{"line":33,"column":0},"end":{"line":33,"column":121}},"33":{"start":{"line":34,"column":0},"end":{"line":34,"column":37}},"34":{"start":{"line":35,"column":0},"end":{"line":35,"column":57}},"35":{"start":{"line":36,"column":0},"end":{"line":36,"column":87}},"36":{"start":{"line":37,"column":0},"end":{"line":37,"column":96}},"37":{"start":{"line":38,"column":0},"end":{"line":38,"column":17}},"38":{"start":{"line":39,"column":0},"end":{"line":39,"column":41}},"39":{"start":{"line":40,"column":0},"end":{"line":40,"column":15}},"40":{"start":{"line":41,"column":0},"end":{"line":41,"column":18}},"41":{"start":{"line":42,"column":0},"end":{"line":42,"column":12}},"43":{"start":{"line":44,"column":0},"end":{"line":44,"column":1}},"45":{"start":{"line":46,"column":0},"end":{"line":46,"column":34}},"46":{"start":{"line":47,"column":0},"end":{"line":47,"column":13}},"47":{"start":{"line":48,"column":0},"end":{"line":48,"column":12}},"48":{"start":{"line":49,"column":0},"end":{"line":49,"column":46}},"49":{"start":{"line":50,"column":0},"end":{"line":50,"column":30}},"50":{"start":{"line":51,"column":0},"end":{"line":51,"column":4}},"51":{"start":{"line":52,"column":0},"end":{"line":52,"column":17}},"52":{"start":{"line":53,"column":0},"end":{"line":53,"column":26}},"53":{"start":{"line":54,"column":0},"end":{"line":54,"column":24}},"54":{"start":{"line":55,"column":0},"end":{"line":55,"column":4}},"55":{"start":{"line":56,"column":0},"end":{"line":56,"column":10}},"56":{"start":{"line":57,"column":0},"end":{"line":57,"column":18}},"57":{"start":{"line":58,"column":0},"end":{"line":58,"column":18}},"58":{"start":{"line":59,"column":0},"end":{"line":59,"column":21}},"59":{"start":{"line":60,"column":0},"end":{"line":60,"column":31}},"60":{"start":{"line":61,"column":0},"end":{"line":61,"column":26}},"61":{"start":{"line":62,"column":0},"end":{"line":62,"column":19}},"62":{"start":{"line":63,"column":0},"end":{"line":63,"column":22}},"63":{"start":{"line":64,"column":0},"end":{"line":64,"column":11}},"64":{"start":{"line":65,"column":0},"end":{"line":65,"column":27}},"65":{"start":{"line":66,"column":0},"end":{"line":66,"column":43}},"66":{"start":{"line":67,"column":0},"end":{"line":67,"column":24}},"67":{"start":{"line":68,"column":0},"end":{"line":68,"column":21}},"68":{"start":{"line":69,"column":0},"end":{"line":69,"column":17}},"69":{"start":{"line":70,"column":0},"end":{"line":70,"column":4}},"70":{"start":{"line":71,"column":0},"end":{"line":71,"column":12}},"71":{"start":{"line":72,"column":0},"end":{"line":72,"column":14}},"72":{"start":{"line":73,"column":0},"end":{"line":73,"column":15}},"73":{"start":{"line":74,"column":0},"end":{"line":74,"column":31}},"74":{"start":{"line":75,"column":0},"end":{"line":75,"column":19}},"75":{"start":{"line":76,"column":0},"end":{"line":76,"column":37}},"76":{"start":{"line":77,"column":0},"end":{"line":77,"column":30}},"77":{"start":{"line":78,"column":0},"end":{"line":78,"column":4}},"78":{"start":{"line":79,"column":0},"end":{"line":79,"column":12}},"79":{"start":{"line":80,"column":0},"end":{"line":80,"column":21}},"80":{"start":{"line":81,"column":0},"end":{"line":81,"column":17}},"81":{"start":{"line":82,"column":0},"end":{"line":82,"column":22}},"82":{"start":{"line":83,"column":0},"end":{"line":83,"column":19}},"83":{"start":{"line":84,"column":0},"end":{"line":84,"column":4}},"84":{"start":{"line":85,"column":0},"end":{"line":85,"column":14}},"85":{"start":{"line":86,"column":0},"end":{"line":86,"column":18}},"86":{"start":{"line":87,"column":0},"end":{"line":87,"column":25}},"87":{"start":{"line":88,"column":0},"end":{"line":88,"column":25}},"88":{"start":{"line":89,"column":0},"end":{"line":89,"column":12}},"89":{"start":{"line":90,"column":0},"end":{"line":90,"column":21}},"90":{"start":{"line":91,"column":0},"end":{"line":91,"column":24}},"91":{"start":{"line":92,"column":0},"end":{"line":92,"column":4}},"92":{"start":{"line":93,"column":0},"end":{"line":93,"column":15}},"93":{"start":{"line":94,"column":0},"end":{"line":94,"column":21}},"94":{"start":{"line":95,"column":0},"end":{"line":95,"column":17}},"95":{"start":{"line":96,"column":0},"end":{"line":96,"column":21}},"96":{"start":{"line":97,"column":0},"end":{"line":97,"column":3}},"97":{"start":{"line":98,"column":0},"end":{"line":98,"column":3}}},"s":{"0":0,"1":0,"2":0,"17":0,"18":0,"19":0,"20":0,"21":0,"22":0,"24":0,"26":0,"27":0,"29":0,"30":0,"31":0,"32":0,"33":0,"34":0,"35":0,"36":0,"37":0,"38":0,"39":0,"40":0,"41":0,"43":0,"45":0,"46":0,"47":0,"48":0,"49":0,"50":0,"51":0,"52":0,"53":0,"54":0,"55":0,"56":0,"57":0,"58":0,"59":0,"60":0,"61":0,"62":0,"63":0,"64":0,"65":0,"66":0,"67":0,"68":0,"69":0,"70":0,"71":0,"72":0,"73":0,"74":0,"75":0,"76":0,"77":0,"78":0,"79":0,"80":0,"81":0,"82":0,"83":0,"84":0,"85":0,"86":0,"87":0,"88":0,"89":0,"90":0,"91":0,"92":0,"93":0,"94":0,"95":0,"96":0,"97":0},"branchMap":{"0":{"type":"branch","line":1,"loc":{"start":{"line":1,"column":2542},"end":{"line":98,"column":3}},"locations":[{"start":{"line":1,"column":2542},"end":{"line":98,"column":3}}]}},"b":{"0":[0]},"fnMap":{"0":{"name":"(empty-report)","decl":{"start":{"line":1,"column":2542},"end":{"line":98,"column":3}},"loc":{"start":{"line":1,"column":2542},"end":{"line":98,"column":3}},"line":1}},"f":{"0":0}}
,"/Users/leonlee/dev/lsylabs/clothesly/src/components/ItemCollectionView.tsx": {"path":"/Users/leonlee/dev/lsylabs/clothesly/src/components/ItemCollectionView.tsx","all":true,"statementMap":{"0":{"start":{"line":1,"column":0},"end":{"line":1,"column":53}},"1":{"start":{"line":2,"column":0},"end":{"line":2,"column":84}},"16":{"start":{"line":17,"column":0},"end":{"line":17,"column":110}},"18":{"start":{"line":19,"column":0},"end":{"line":19,"column":44}},"19":{"start":{"line":20,"column":0},"end":{"line":20,"column":15}},"20":{"start":{"line":21,"column":0},"end":{"line":21,"column":15}},"21":{"start":{"line":22,"column":0},"end":{"line":22,"column":47}},"22":{"start":{"line":23,"column":0},"end":{"line":23,"column":21}},"24":{"start":{"line":25,"column":0},"end":{"line":25,"column":50}},"25":{"start":{"line":26,"column":0},"end":{"line":26,"column":126}},"26":{"start":{"line":27,"column":0},"end":{"line":27,"column":120}},"27":{"start":{"line":28,"column":0},"end":{"line":28,"column":113}},"28":{"start":{"line":29,"column":0},"end":{"line":29,"column":80}},"29":{"start":{"line":30,"column":0},"end":{"line":30,"column":71}},"30":{"start":{"line":31,"column":0},"end":{"line":31,"column":72}},"31":{"start":{"line":32,"column":0},"end":{"line":32,"column":116}},"32":{"start":{"line":33,"column":0},"end":{"line":33,"column":17}},"33":{"start":{"line":34,"column":0},"end":{"line":34,"column":2}},"35":{"start":{"line":36,"column":0},"end":{"line":36,"column":46}},"36":{"start":{"line":37,"column":0},"end":{"line":37,"column":47}},"37":{"start":{"line":38,"column":0},"end":{"line":38,"column":38}},"38":{"start":{"line":39,"column":0},"end":{"line":39,"column":68}},"39":{"start":{"line":40,"column":0},"end":{"line":40,"column":52}},"40":{"start":{"line":41,"column":0},"end":{"line":41,"column":2}},"42":{"start":{"line":43,"column":0},"end":{"line":43,"column":128}},"43":{"start":{"line":44,"column":0},"end":{"line":44,"column":66}},"45":{"start":{"line":46,"column":0},"end":{"line":46,"column":45}},"46":{"start":{"line":47,"column":0},"end":{"line":47,"column":34}},"47":{"start":{"line":48,"column":0},"end":{"line":48,"column":29}},"48":{"start":{"line":49,"column":0},"end":{"line":49,"column":71}},"49":{"start":{"line":50,"column":0},"end":{"line":50,"column":7}},"50":{"start":{"line":51,"column":0},"end":{"line":51,"column":75}},"51":{"start":{"line":52,"column":0},"end":{"line":52,"column":31}},"52":{"start":{"line":53,"column":0},"end":{"line":53,"column":14}},"54":{"start":{"line":55,"column":0},"end":{"line":55,"column":19}},"55":{"start":{"line":56,"column":0},"end":{"line":56,"column":58}},"56":{"start":{"line":57,"column":0},"end":{"line":57,"column":33}},"57":{"start":{"line":58,"column":0},"end":{"line":58,"column":5}},"58":{"start":{"line":59,"column":0},"end":{"line":59,"column":46}},"60":{"start":{"line":61,"column":0},"end":{"line":61,"column":39}},"61":{"start":{"line":62,"column":0},"end":{"line":62,"column":49}},"62":{"start":{"line":63,"column":0},"end":{"line":63,"column":86}},"63":{"start":{"line":64,"column":0},"end":{"line":64,"column":32}},"65":{"start":{"line":66,"column":0},"end":{"line":66,"column":10}},"66":{"start":{"line":67,"column":0},"end":{"line":67,"column":33}},"67":{"start":{"line":68,"column":0},"end":{"line":68,"column":54}},"69":{"start":{"line":70,"column":0},"end":{"line":70,"column":110}},"70":{"start":{"line":71,"column":0},"end":{"line":71,"column":48}},"71":{"start":{"line":72,"column":0},"end":{"line":72,"column":57}},"72":{"start":{"line":73,"column":0},"end":{"line":73,"column":18}},"73":{"start":{"line":74,"column":0},"end":{"line":74,"column":147}},"74":{"start":{"line":75,"column":0},"end":{"line":75,"column":108}},"75":{"start":{"line":76,"column":0},"end":{"line":76,"column":24}},"77":{"start":{"line":78,"column":0},"end":{"line":78,"column":11}},"78":{"start":{"line":79,"column":0},"end":{"line":79,"column":19}},"80":{"start":{"line":81,"column":0},"end":{"line":81,"column":36}},"81":{"start":{"line":82,"column":0},"end":{"line":82,"column":38}},"82":{"start":{"line":83,"column":0},"end":{"line":83,"column":96}},"83":{"start":{"line":84,"column":0},"end":{"line":84,"column":35}},"84":{"start":{"line":85,"column":0},"end":{"line":85,"column":104}},"86":{"start":{"line":87,"column":0},"end":{"line":87,"column":76}},"87":{"start":{"line":88,"column":0},"end":{"line":88,"column":77}},"88":{"start":{"line":89,"column":0},"end":{"line":89,"column":21}},"90":{"start":{"line":91,"column":0},"end":{"line":91,"column":61}},"91":{"start":{"line":92,"column":0},"end":{"line":92,"column":25}},"92":{"start":{"line":93,"column":0},"end":{"line":93,"column":19}},"93":{"start":{"line":94,"column":0},"end":{"line":94,"column":22}},"94":{"start":{"line":95,"column":0},"end":{"line":95,"column":11}},"95":{"start":{"line":96,"column":0},"end":{"line":96,"column":82}},"96":{"start":{"line":97,"column":0},"end":{"line":97,"column":72}},"97":{"start":{"line":98,"column":0},"end":{"line":98,"column":53}},"98":{"start":{"line":99,"column":0},"end":{"line":99,"column":17}},"99":{"start":{"line":100,"column":0},"end":{"line":100,"column":62}},"100":{"start":{"line":101,"column":0},"end":{"line":101,"column":22}},"101":{"start":{"line":102,"column":0},"end":{"line":102,"column":17}},"102":{"start":{"line":103,"column":0},"end":{"line":103,"column":20}},"103":{"start":{"line":104,"column":0},"end":{"line":104,"column":13}},"104":{"start":{"line":105,"column":0},"end":{"line":105,"column":11}},"106":{"start":{"line":107,"column":0},"end":{"line":107,"column":1}},"108":{"start":{"line":109,"column":0},"end":{"line":109,"column":34}},"109":{"start":{"line":110,"column":0},"end":{"line":110,"column":12}},"110":{"start":{"line":111,"column":0},"end":{"line":111,"column":11}},"111":{"start":{"line":112,"column":0},"end":{"line":112,"column":4}},"112":{"start":{"line":113,"column":0},"end":{"line":113,"column":17}},"113":{"start":{"line":114,"column":0},"end":{"line":114,"column":17}},"114":{"start":{"line":115,"column":0},"end":{"line":115,"column":17}},"115":{"start":{"line":116,"column":0},"end":{"line":116,"column":22}},"116":{"start":{"line":117,"column":0},"end":{"line":117,"column":20}},"117":{"start":{"line":118,"column":0},"end":{"line":118,"column":4}},"118":{"start":{"line":119,"column":0},"end":{"line":119,"column":15}},"119":{"start":{"line":120,"column":0},"end":{"line":120,"column":10}},"120":{"start":{"line":121,"column":0
[...]
rt":{"line":4,"column":0},"end":{"line":4,"column":43}},"16":{"start":{"line":17,"column":0},"end":{"line":17,"column":54}},"17":{"start":{"line":18,"column":0},"end":{"line":18,"column":66}},"19":{"start":{"line":20,"column":0},"end":{"line":20,"column":54}},"20":{"start":{"line":21,"column":0},"end":{"line":21,"column":43}},"21":{"start":{"line":22,"column":0},"end":{"line":22,"column":1}},"23":{"start":{"line":24,"column":0},"end":{"line":24,"column":56}},"24":{"start":{"line":25,"column":0},"end":{"line":25,"column":31}},"25":{"start":{"line":26,"column":0},"end":{"line":26,"column":34}},"26":{"start":{"line":27,"column":0},"end":{"line":27,"column":1}},"28":{"start":{"line":29,"column":0},"end":{"line":29,"column":57}},"29":{"start":{"line":30,"column":0},"end":{"line":30,"column":56}},"30":{"start":{"line":31,"column":0},"end":{"line":31,"column":35}},"31":{"start":{"line":32,"column":0},"end":{"line":32,"column":33}},"32":{"start":{"line":33,"column":0},"end":{"line":33,"column":45}},"33":{"start":{"line":34,"column":0},"end":{"line":34,"column":5}},"35":{"start":{"line":36,"column":0},"end":{"line":36,"column":30}},"36":{"start":{"line":37,"column":0},"end":{"line":37,"column":12}},"37":{"start":{"line":38,"column":0},"end":{"line":38,"column":10}},"38":{"start":{"line":39,"column":0},"end":{"line":39,"column":13}},"39":{"start":{"line":40,"column":0},"end":{"line":40,"column":24}},"40":{"start":{"line":41,"column":0},"end":{"line":41,"column":4}},"42":{"start":{"line":43,"column":0},"end":{"line":43,"column":34}},"43":{"start":{"line":44,"column":0},"end":{"line":44,"column":14}},"44":{"start":{"line":45,"column":0},"end":{"line":45,"column":1}},"46":{"start":{"line":47,"column":0},"end":{"line":47,"column":60}},"47":{"start":{"line":48,"column":0},"end":{"line":48,"column":48}},"48":{"start":{"line":49,"column":0},"end":{"line":49,"column":32}},"50":{"start":{"line":51,"column":0},"end":{"line":51,"column":59}},"51":{"start":{"line":52,"column":0},"end":{"line":52,"column":36}},"52":{"start":{"line":53,"column":0},"end":{"line":53,"column":5}},"53":{"start":{"line":54,"column":0},"end":{"line":54,"column":40}},"54":{"start":{"line":55,"column":0},"end":{"line":55,"column":17}},"55":{"start":{"line":56,"column":0},"end":{"line":56,"column":1}},"57":{"start":{"line":58,"column":0},"end":{"line":58,"column":59}},"58":{"start":{"line":59,"column":0},"end":{"line":59,"column":33}},"59":{"start":{"line":60,"column":0},"end":{"line":60,"column":38}},"60":{"start":{"line":61,"column":0},"end":{"line":61,"column":1}}},"s":{"1":0,"2":0,"3":0,"16":0,"17":0,"19":0,"20":0,"21":0,"23":0,"24":0,"25":0,"26":0,"28":0,"29":0,"30":0,"31":0,"32":0,"33":0,"35":0,"36":0,"37":0,"38":0,"39":0,"40":0,"42":0,"43":0,"44":0,"46":0,"47":0,"48":0,"50":0,"51":0,"52":0,"53":0,"54":0,"55":0,"57":0,"58":0,"59":0,"60":0},"branchMap":{"0":{"type":"branch","line":1,"loc":{"start":{"line":1,"column":1735},"end":{"line":61,"column":1}},"locations":[{"start":{"line":1,"column":1735},"end":{"line":61,"column":1}}]}},"b":{"0":[1]},"fnMap":{"0":{"name":"(empty-report)","decl":{"start":{"line":1,"column":1735},"end":{"line":61,"column":1}},"loc":{"start":{"line":1,"column":1735},"end":{"line":61,"column":1}},"line":1}},"f":{"0":1}}
,"/Users/leonlee/dev/lsylabs/clothesly/src/types/database.ts": {"path":"/Users/leonlee/dev/lsylabs/clothesly/src/types/database.ts","all":true,"statementMap":{},"s":{},"branchMap":{"0":{"type":"branch","line":1,"loc":{"start":{"line":1,"column":5916},"end":{"line":223,"column":2}},"locations":[{"start":{"line":1,"column":5916},"end":{"line":223,"column":2}}]}},"b":{"0":[1]},"fnMap":{"0":{"name":"(empty-report)","decl":{"start":{"line":1,"column":5916},"end":{"line":223,"column":2}},"loc":{"start":{"line":1,"column":5916},"end":{"line":223,"column":2}},"line":1}},"f":{"0":1}}
,"/Users/leonlee/dev/lsylabs/clothesly/src/types/domain.ts": {"path":"/Users/leonlee/dev/lsylabs/clothesly/src/types/domain.ts","all":true,"statementMap":{},"s":{},"branchMap":{"0":{"type":"branch","line":1,"loc":{"start":{"line":1,"column":964},"end":{"line":50,"column":2}},"locations":[{"start":{"line":1,"column":964},"end":{"line":50,"column":2}}]}},"b":{"0":[1]},"fnMap":{"0":{"name":"(empty-report)","decl":{"start":{"line":1,"column":964},"end":{"line":50,"column":2}},"loc":{"start":{"line":1,"column":964},"end":{"line":50,"column":2}},"line":1}},"f":{"0":1}}
,"/Users/leonlee/dev/lsylabs/clothesly/src/types/navigation.ts": {"path":"/Users/leonlee/dev/lsylabs/clothesly/src/types/navigation.ts","all":true,"statementMap":{},"s":{},"branchMap":{"0":{"type":"branch","line":1,"loc":{"start":{"line":1,"column":490},"end":{"line":25,"column":2}},"locations":[{"start":{"line":1,"column":490},"end":{"line":25,"column":2}}]}},"b":{"0":[1]},"fnMap":{"0":{"name":"(empty-report)","decl":{"start":{"line":1,"column":490},"end":{"line":25,"column":2}},"loc":{"start":{"line":1,"column":490},"end":{"line":25,"column":2}},"line":1}},"f":{"0":1}}
,"/Users/leonlee/dev/lsylabs/clothesly/src/utils/retry.ts": {"path":"/Users/leonlee/dev/lsylabs/clothesly/src/utils/retry.ts","all":false,"statementMap":{"7":{"start":{"line":8,"column":0},"end":{"line":8,"column":80}},"9":{"start":{"line":10,"column":0},"end":{"line":10,"column":50}},"10":{"start":{"line":11,"column":0},"end":{"line":11,"column":56}},"11":{"start":{"line":12,"column":0},"end":{"line":12,"column":61}},"13":{"start":{"line":14,"column":0},"end":{"line":14,"column":39}},"14":{"start":{"line":15,"column":0},"end":{"line":15,"column":91}},"15":{"start":{"line":16,"column":0},"end":{"line":16,"column":3}},"17":{"start":{"line":18,"column":0},"end":{"line":18,"column":42}},"18":{"start":{"line":19,"column":0},"end":{"line":19,"column":45}},"19":{"start":{"line":20,"column":0},"end":{"line":20,"column":94}},"20":{"start":{"line":21,"column":0},"end":{"line":21,"column":3}},"22":{"start":{"line":23,"column":0},"end":{"line":23,"column":15}},"23":{"start":{"line":24,"column":0},"end":{"line":24,"column":1}},"25":{"start":{"line":26,"column":0},"end":{"line":26,"column":86}},"26":{"start":{"line":27,"column":0},"end":{"line":27,"column":39}},"27":{"start":{"line":28,"column":0},"end":{"line":28,"column":55}},"28":{"start":{"line":29,"column":0},"end":{"line":29,"column":59}},"29":{"start":{"line":30,"column":0},"end":{"line":30,"column":54}},"31":{"start":{"line":32,"column":0},"end":{"line":32,"column":18}},"32":{"start":{"line":33,"column":0},"end":{"line":33,"column":29}},"34":{"start":{"line":35,"column":0},"end":{"line":35,"column":16}},"35":{"start":{"line":36,"column":0},"end":{"line":36,"column":9}},"36":{"start":{"line":37,"column":0},"end":{"line":37,"column":24}},"37":{"start":{"line":38,"column":0},"end":{"line":38,"column":21}},"38":{"start":{"line":39,"column":0},"end":{"line":39,"column":50}},"39":{"start":{"line":40,"column":0},"end":{"line":40,"column":20}},"40":{"start":{"line":41,"column":0},"end":{"line":41,"column":7}},"41":{"start":{"line":42,"column":0},"end":{"line":42,"column":25}},"42":{"start":{"line":43,"column":0},"end":{"line":43,"column":33}},"43":{"start":{"line":44,"column":0},"end":{"line":44,"column":19}},"44":{"start":{"line":45,"column":0},"end":{"line":45,"column":5}},"45":{"start":{"line":46,"column":0},"end":{"line":46,"column":3}},"46":{"start":{"line":47,"column":0},"end":{"line":47,"column":1}}},"s":{"7":1,"9":1,"10":6,"11":6,"13":6,"14":2,"15":2,"17":4,"18":4,"19":4,"20":4,"22":0,"23":0,"25":3,"26":3,"27":3,"28":3,"29":3,"31":3,"32":3,"34":3,"35":6,"36":6,"37":6,"38":5,"39":2,"40":2,"41":3,"42":3,"43":3,"44":3,"45":6,"46":3},"branchMap":{"0":{"type":"branch","line":8,"loc":{"start":{"line":8,"column":14},"end":{"line":8,"column":80}},"locations":[{"start":{"line":8,"column":14},"end":{"line":8,"column":80}}]},"1":{"type":"branch","line":8,"loc":{"start":{"line":8,"column":42},"end":{"line":8,"column":78}},"locations":[{"start":{"line":8,"column":42},"end":{"line":8,"column":78}}]},"2":{"type":"branch","line":10,"loc":{"start":{"line":10,"column":7},"end":{"line":24,"column":1}},"locations":[{"start":{"line":10,"column":7},"end":{"line":24,"column":1}}]},"3":{"type":"branch","line":11,"loc":{"start":{"line":11,"column":43},"end":{"line":11,"column":56}},"locations":[{"start":{"line":11,"column":43},"end":{"line":11,"column":56}}]},"4":{"type":"branch","line":14,"loc":{"start":{"line":14,"column":38},"end":{"line":16,"column":3}},"locations":[{"start":{"line":14,"column":38},"end":{"line":16,"column":3}}]},"5":{"type":"branch","line":16,"loc":{"start":{"line":16,"column":2},"end":{"line":21,"column":3}},"locations":[{"start":{"line":16,"column":2},"end":{"line":21,"column":3}}]},"6":{"type":"branch","line":20,"loc":{"start":{"line":20,"column":34},"end":{"line":20,"column":69}},"locations":[{"start":{"line":20,"column":34},"end":{"line":20,"column":69}}]},"7":{"type":"branch","line":20,"loc":{"start":{"line":20,"column":64},"end":{"line":20,"column":94}},"locations":[{"start":{"line":20,"column":64},"end":{"line":20,"column":94}}]},"8":{"type":"branch","line":21,"loc":{"start":{"line":21,"column":2},"end":{"line":24,"column":1}},"locations":[{"start":{"line":21,"column":2},"end":{"line":24,"column":1}}]},"9":{"type":"branch","line":26,"loc":{"start":{"line":26,"column":0},"end":{"line":47,"column":1}},"locations":[{"start":{"line":26,"column":0},"end":{"line":47,"column":1}}]},"10":{"type":"branch","line":27,"loc":{"start":{"line":27,"column":26},"end":{"line":27,"column":39}},"locations":[{"start":{"line":27,"column":26},"end":{"line":27,"column":39}}]},"11":{"type":"branch","line":28,"loc":{"start":{"line":28,"column":33},"end":{"line":28,"column":55}},"locations":[{"start":{"line":28,"column":33},"end":{"line":28,"column":55}}]},"12":{"type":"branch","line":35,"loc":{"start":{"line":35,"column":15},"end":{"line":46,"column":3}},"locations":[{"start":{"line":35,"column":15},"end":{"line":46,"column":3}}]},"13":{"type":"branch","line":38,"loc":{"start":{"line":38,"column":4},"end":{"line":45,"column":5}},"locations":[{"start":{"line":38,"column":4},"end":{"line":45,"column":5}}]},"14":{"type":"branch","line":39,"loc":{"start":{"line":39,"column":21},"end":{"line":39,"column":49}},"locations":[{"start":{"line":39,"column":21},"end":{"line":39,"column":49}}]},"15":{"type":"branch","line":39,"loc":{"start":{"line":39,"column":49},"end":{"line":41,"column":7}},"locations":[{"start":{"line":39,"column":49},"end":{"line":41,"column":7}}]},"16":{"type":"branch","line":41,"loc":{"start":{"line":41,"column":6},"end":{"line":45,"column":5}},"locations":[{"start":{"line":41,"column":6},"end":{"line":45,"column":5}}]}},"b":{"0":[3],"1":[3],"2":[6],"3":[0],"4":[2],"5":[4],"6":[1],"7":[1],"8":[0],"9":[3],"10":[0],"11":[0],"12":[6],"13":[5],"14":[4],"15":[2],"16":[3]},"fnMap":{"0":{"name":"sleep","decl":{"start":{"line":8,"column":14},"end":{"line":8,"column":80}},"loc":{"start":{"line":8,"column":14},"end":{"line":8,"column":80}},"line":8},"1":{"name":"isRetryableError","decl":{"start":{"line":10,"column":7},"end":{"line":24,"column":1}},"loc":{"start":{"line":10,"column":7},"end":{"line":24,"column":1}},"line":10},"2":{"name":"withRetry","decl":{"start":{"line":26,"column":0},"end":{"line":47,"column":1}},"loc":{"start":{"line":26,"column":0},"end":{"line":47,"column":1}},"line":26}},"f":{"0":3,"1":6,"2":3}}
,"/Users/leonlee/dev/lsylabs/clothesly/src/utils/validation.ts": {"path":"/Users/leonlee/dev/lsylabs/clothesly/src/utils/validation.ts","all":false,"statementMap":{"5":{"start":{"line":6,"column":0},"end":{"line":6,"column":68}},"6":{"start":{"line":7,"column":0},"end":{"line":7,"column":28}},"7":{"start":{"line":8,"column":0},"end":{"line":8,"column":78}},"8":{"start":{"line":9,"column":0},"end":{"line":9,"column":103}},"9":{"start":{"line":10,"column":0},"end":{"line":10,"column":104}},"10":{"start":{"line":11,"column":0},"end":{"line":11,"column":25}},"11":{"start":{"line":12,"column":0},"end":{"line":12,"column":1}},"13":{"start":{"line":14,"column":0},"end":{"line":14,"column":70}},"14":{"start":{"line":15,"column":0},"end":{"line":15,"column":35}},"15":{"start":{"line":16,"column":0},"end":{"line":16,"column":37}},"16":{"start":{"line":17,"column":0},"end":{"line":17,"column":31}},"17":{"start":{"line":18,"column":0},"end":{"line":18,"column":94}},"18":{"start":{"line":19,"column":0},"end":{"line":19,"column":80}},"19":{"start":{"line":20,"column":0},"end":{"line":20,"column":25}},"20":{"start":{"line":21,"column":0},"end":{"line":21,"column":1}},"22":{"start":{"line":23,"column":0},"end":{"line":23,"column":75}},"23":{"start":{"line":24,"column":0},"end":{"line":24,"column":37}},"24":{"start":{"line":25,"column":0},"end":{"line":25,"column":37}},"25":{"start":{"line":26,"column":0},"end":{"line":26,"column":37}},"26":{"start":{"line":27,"column":0},"end":{"line":27,"column":83}},"27":{"start":{"line":28,"column":0},"end":{"line":28,"column":3}},"28":{"start":{"line":29,"column":0},"end":{"line":29,"column":25}},"29":{"start":{"line":30,"column":0},"end":{"line":30,"column":1}},"31":{"start":{"line":32,"column":0},"end":{"line":32,"column":74}},"32":{"start":{"line":33,"column":0},"end":{"line":33,"column":28}},"33":{"start":{"line":34,"column":0},"end":{"line":34,"column":37}},"35":{"start":{"line":36,"column":0},"end":{"line":36,"column":7}},"36":{"start":{"line":37,"column":0},"end":{"line":37,"column":37}},"37":{"start":{"line":38,"column":0},"end":{"line":38,"column":73}},"38":{"start":{"line":39,"column":0},"end":{"line":39,"column":79}},"39":{"start":{"line":40,"column":0},"end":{"line":40,"column":5}},"40":{"start":{"line":41,"column":0},"end":{"line":41,"column":27}},"41":{"start":{"line":42,"column":0},"end":{"line":42,"column":11}},"42":{"start":{"line":43,"column":0},"end":{"line":43,"column":74}},"43":{"start":{"line":44,"column":0},"end":{"line":44,"column":3}},"44":{"start":{"line":45,"column":0},"end":{"line":45,"column":1}},"46":{"start":{"line":47,"column":0},"end":{"line":47,"column":66}},"47":{"start":{"line":48,"column":0},"end":{"line":48,"column":28}},"48":{"start":{"line":49,"column":0},"end":{"line":49,"column":77}},"49":{"start":{"line":50,"column":0},"end":{"line":50,"column":101}},"50":{"start":{"line":51,"column":0},"end":{"line":51,"column":102}},"51":{"start":{"line":52,"column":0},"end":{"line":52,"column":25}},"52":{"start":{"line":53,"column":0},"end":{"line":53,"column":1}}},"s":{"5":1,"6":2,"7":2,"8":2,"9":2,"10":1,"11":1,"13":1,"14":2,"15":2,"16":2,"17":2,"18":2,"19":1,"20":1,"22":1,"23":3,"24":3,"25":3,"26":2,"27":2,"28":1,"29":1,"31":1,"32":4,"33":4,"35":3,"36":3,"37":4,"38":1,"39":1,"40":1,"41":1,"42":1,"43":1,"44":4,"46":1,"47":1,"48":1,"49":1,"50":0,"51":0,"52":0},"branchMap":{"0":{"type":"branch","line":6,"loc":{"start":{"line":6,"column":7},"end":{"line":12,"column":1}},"locations":[{"start":{"line":6,"column":7},"end":{"line":12,"column":1}}]},"1":{"type":"branch","line":8,"loc":{"start":{"line":8,"column":14},"end":{"line":9,"column":31}},"locations":[{"start":{"line":8,"column":14},"end":{"line":9,"column":31}}]},"2":{"type":"branch","line":9,"loc":{"start":{"line":9,"column":24},"end":{"line":9,"column":103}},"locations":[{"start":{"line":9,"column":24},"end":{"line":9,"column":103}}]},"3":{"type":"branch","line":9,"loc":{"start":{"line":9,"column":101},"end":{"line":10,"column":32}},"locations":[{"start":{"line":9,"column":101},"end":{"line":10,"column":32}}]},"4":{"type":"branch","line":10,"loc":{"start":{"line":10,"column":25},"end":{"line":10,"column":104}},"locations":[{"start":{"line":10,"column":25},"end":{"line":10,"column":104}}]},"5":{"type":"branch","line":10,"loc":{"start":{"line":10,"column":102},"end":{"line":12,"column":1}},"locations":[{"start":{"line":10,"column":102},"end":{"line":12,"column":1}}]},"6":{"type":"branch","line":14,"loc":{"start":{"line":14,"column":7},"end":{"line":21,"column":1}},"locations":[{"start":{"line":14,"column":7},"end":{"line":21,"column":1}}]},"7":{"type":"branch","line":16,"loc":{"start":{"line":16,"column":14},"end":{"line":16,"column":37}},"locations":[{"start":{"line":16,"column":14},"end":{"line":16,"column":37}}]},"8":{"type":"branch","line":18,"loc":{"start":{"line":18,"column":28},"end":{"line":18,"column":94}},"locations":[{"start":{"line":18,"column":28},"end":{"line":18,"column":94}}]},"9":{"type":"branch","line":19,"loc":{"start":{"line":19,"column":18},"end":{"line":21,"column":1}},"locations":[{"start":{"line":19,"column":18},"end":{"line":21,"column":1}}]},"10":{"type":"branch","line":23,"loc":{"start":{"line":23,"column":7},"end":{"line":30,"column":1}},"locations":[{"start":{"line":23,"column":7},"end":{"line":30,"column":1}}]},"11":{"type":"branch","line":25,"loc":{"start":{"line":25,"column":14},"end":{"line":25,"column":37}},"locations":[{"start":{"line":25,"column":14},"end":{"line":25,"column":37}}]},"12":{"type":"branch","line":26,"loc":{"start":{"line":26,"column":36},"end":{"line":28,"column":3}},"locations":[{"start":{"line":26,"column":36},"end":{"line":28,"column":3}}]},"13":{"type":"branch","line":28,"loc":{"start":{"line":28,"column":2},"end":{"line":30,"column":1}},"locations":[{"start":{"line":28,"column":2},"end":{"line":30,"column":1}}]},"14":{"type":"branch","line":32,"loc":{"start":{"line":32,"column":7},"end":{"line":45,"column":1}},"locations":[{"start":{"line":32,"column":7},"end":{"line":45,"column":1}}]},"15":{"type":"branch","line":34,"loc":{"start":{"line":34,"column":14},"end":{"line":34,"column":37}},"locations":[{"start":{"line":34,"column":14},"end":{"line":34,"column":37}}]},"16":{"type":"branch","line":34,"loc":{"start":{"line":34,"column":35},"end":{"line":38,"column":19}},"locations":[{"start":{"line":34,"column":35},"end":{"line":38,"column":19}}]},"17":{"type":"branch","line":38,"loc":{"start":{"line":38,"column":9},"end":{"line":38,"column":49}},"locations":[{"start":{"line":38,"column":9},"end":{"line":38,"column":49}}]},"18":{"type":"branch","line":38,"loc":{"start":{"line":38,"column":37},"end":{"line":38,"column":72}},"locations":[{"start":{"line":38,"column":37},"end":{"line":38,"column":72}}]},"19":{"type":"branch","line":38,"loc":{"start":{"line":38,"column":72},"end":{"line":44,"column":3}},"locations":[{"start":{"line":38,"column":72},"end":{"line":44,"column":3}}]},"20":{"type":"branch","line":47,"loc":{"start":{"line":47,"column":7},"end":{"line":53,"column":1}},"locations":[{"start":{"line":47,"column":7},"end":{"line":53,"column":1}}]},"21":{"type":"branch","line":49,"loc":{"start":{"line":49,"column":14},"end":{"line":49,"column":77}},"locations":[{"start":{"line":49,"column":14},"end":{"line":49,"column":77}}]},"22":{"type":"branch","line":50,"loc":{"start":{"line":50,"column":99},"end":{"line":53,"column":1}},"locations":[{"start":{"line":50,"column":99},"end":{"line":53,"column":1}}]}},"b":{"0":[2],"1":[1],"2":[0],"3":[1],"4":[0],"5":[1],"6":[2],"7":[0],"8":[0],"9":[1],"10":[3],"11":[0],"12":[2],"13":[1],"14":[4],"15":[1],"16":[3],"17":[2],"18":[2],"19":[1],"20":[1],"21":[0],"22":[0]},"fnMap":{"0":{"name":"validateClosetName","decl":{"start":{"line":6,"column":7},"end":{"line":12,"column":1}},"loc":{"start":{"line":6,"column":7},"end":{"line":12,"column":1}},"line":6},"1":{"name":"validatePrice","decl":{"start":{"line":14,"column":7},"end":{"line":21,"column":1}},"loc":{"start":{"line":14,"column":7},"end":{"line":21,"column":1}},"line":14},"2":{"name":"validateCurrency","decl":{"start":{"line":23,"column":7},"end":{"line":30,"column":1}},"loc":{"start":{"line":23,"column":7},"end":{"line":30,"column":1}},"line":23},"3":{"name":"validateCustomFieldsJson","decl":{"start":{"line":32,"column":7},"end":{"line":45,"column":1}},"loc":{"start":{"line":32,"column":7},"end":{"line":45,"column":1}},"line":32},"4":{"name":"validateItemName","decl":{"start":{"line":47,"column":7},"end":{"line":53,"column":1}},"loc":{"start":{"line":47,"column":7},"end":{"line":53,"column":1}},"line":47}},"f":{"0":2,"1":2,"2":3,"3":4,"4":1}}
}
